<?xml version="1.0" encoding="UTF-8"?>
<coverage generated="1780111646298" clover="3.2.0">
  <project timestamp="1780111646298" name="All files">
    <metrics statements="298" coveredstatements="250" conditionals="166" coveredconditionals="123" methods="116" coveredmethods="86" elements="580" coveredelements="459" complexity="0" loc="298" ncloc="298" packages="3" files="10" classes="10"/>
    <package name="src">
      <metrics statements="68" coveredstatements="38" conditionals="42" coveredconditionals="24" methods="34" coveredmethods="13"/>
      <file name="App.tsx" path="/tmp/mvp-v3-2e008ac7-03b7-4472-98a5-fee043a6338a-CXeZci/src/App.tsx">
        <metrics statements="57" coveredstatements="27" conditionals="36" coveredconditionals="19" methods="32" coveredmethods="11"/>
        <line num="20" count="11" type="stmt"/>
        <line num="21" count="11" type="stmt"/>
        <line num="25" count="0" type="stmt"/>
        <line num="29" count="0" type="stmt"/>
        <line num="32" count="0" type="stmt"/>
        <line num="33" count="0" type="stmt"/>
        <line num="36" count="0" type="stmt"/>
        <line num="37" count="0" type="stmt"/>
        <line num="38" count="0" type="stmt"/>
        <line num="42" count="11" type="cond" truecount="1" falsecount="1"/>
        <line num="43" count="0" type="stmt"/>
        <line num="76" count="11" type="stmt"/>
        <line num="80" count="2" type="stmt"/>
        <line num="108" count="11" type="stmt"/>
        <line num="118" count="15" type="stmt"/>
        <line num="119" count="15" type="stmt"/>
        <line num="120" count="15" type="stmt"/>
        <line num="121" count="15" type="stmt"/>
        <line num="123" count="15" type="stmt"/>
        <line num="124" count="14" type="stmt"/>
        <line num="125" count="31" type="cond" truecount="4" falsecount="0"/>
        <line num="126" count="3" type="stmt"/>
        <line num="128" count="28" type="stmt"/>
        <line num="132" count="15" type="stmt"/>
        <line num="134" count="1" type="stmt"/>
        <line num="135" count="1" type="stmt"/>
        <line num="136" count="1" type="stmt"/>
        <line num="141" count="15" type="stmt"/>
        <line num="143" count="0" type="stmt"/>
        <line num="144" count="0" type="stmt"/>
        <line num="145" count="0" type="cond" truecount="0" falsecount="2"/>
        <line num="146" count="0" type="stmt"/>
        <line num="148" count="0" type="stmt"/>
        <line num="149" count="0" type="cond" truecount="0" falsecount="2"/>
        <line num="165" count="15" type="stmt"/>
        <line num="167" count="0" type="stmt"/>
        <line num="168" count="0" type="stmt"/>
        <line num="169" count="0" type="cond" truecount="0" falsecount="2"/>
        <line num="170" count="0" type="stmt"/>
        <line num="172" count="0" type="cond" truecount="0" falsecount="2"/>
        <line num="178" count="15" type="stmt"/>
        <line num="180" count="0" type="stmt"/>
        <line num="181" count="0" type="stmt"/>
        <line num="182" count="0" type="cond" truecount="0" falsecount="2"/>
        <line num="183" count="0" type="stmt"/>
        <line num="185" count="0" type="stmt"/>
        <line num="191" count="15" type="stmt"/>
        <line num="193" count="0" type="stmt"/>
        <line num="194" count="0" type="cond" truecount="0" falsecount="2"/>
        <line num="196" count="0" type="stmt"/>
        <line num="201" count="15" type="stmt"/>
        <line num="203" count="0" type="stmt"/>
        <line num="208" count="15" type="stmt"/>
        <line num="248" count="1" type="stmt"/>
        <line num="262" count="0" type="stmt"/>
        <line num="281" count="0" type="stmt"/>
        <line num="293" count="31" type="stmt"/>
      </file>
      <file name="types.ts" path="/tmp/mvp-v3-2e008ac7-03b7-4472-98a5-fee043a6338a-CXeZci/src/types.ts">
        <metrics statements="11" coveredstatements="11" conditionals="6" coveredconditionals="5" methods="2" coveredmethods="2"/>
        <line num="24" count="5" type="stmt"/>
        <line num="26" count="5" type="stmt"/>
        <line num="29" count="116" type="cond" truecount="2" falsecount="0"/>
        <line num="30" count="20" type="cond" truecount="1" falsecount="1"/>
        <line num="31" count="20" type="stmt"/>
        <line num="32" count="20" type="stmt"/>
        <line num="33" count="20" type="stmt"/>
        <line num="34" count="20" type="stmt"/>
        <line num="35" count="20" type="cond" truecount="2" falsecount="0"/>
        <line num="37" count="13" type="stmt"/>
        <line num="41" count="3" type="stmt"/>
      </file>
    </package>
    <package name="src.components">
      <metrics statements="192" coveredstatements="176" conditionals="110" coveredconditionals="88" methods="65" coveredmethods="56"/>
      <file name="BorrowForm.tsx" path="/tmp/mvp-v3-2e008ac7-03b7-4472-98a5-fee043a6338a-CXeZci/src/components/BorrowForm.tsx">
        <metrics statements="17" coveredstatements="17" conditionals="10" coveredconditionals="9" methods="5" coveredmethods="5"/>
        <line num="9" count="9" type="stmt"/>
        <line num="10" count="9" type="stmt"/>
        <line num="11" count="9" type="stmt"/>
        <line num="12" count="9" type="stmt"/>
        <line num="15" count="9" type="stmt"/>
        <line num="16" count="6" type="cond" truecount="1" falsecount="1"/>
        <line num="17" count="6" type="stmt"/>
        <line num="21" count="9" type="stmt"/>
        <line num="22" count="2" type="stmt"/>
        <line num="23" count="2" type="cond" truecount="2" falsecount="0"/>
        <line num="24" count="1" type="stmt"/>
        <line num="25" count="1" type="stmt"/>
        <line num="27" count="1" type="stmt"/>
        <line num="30" count="9" type="stmt"/>
        <line num="42" count="1" type="stmt"/>
        <line num="43" count="1" type="stmt"/>
        <line num="61" count="1" type="stmt"/>
      </file>
      <file name="Dashboard.tsx" path="/tmp/mvp-v3-2e008ac7-03b7-4472-98a5-fee043a6338a-CXeZci/src/components/Dashboard.tsx">
        <metrics statements="16" coveredstatements="14" conditionals="14" coveredconditionals="14" methods="6" coveredmethods="4"/>
        <line num="13" count="22" type="stmt"/>
        <line num="14" count="19" type="stmt"/>
        <line num="15" count="19" type="stmt"/>
        <line num="16" count="19" type="stmt"/>
        <line num="17" count="19" type="stmt"/>
        <line num="18" count="47" type="stmt"/>
        <line num="19" count="47" type="cond" truecount="2" falsecount="0"/>
        <line num="20" count="13" type="cond" truecount="2" falsecount="0"/>
        <line num="21" count="5" type="stmt"/>
        <line num="23" count="19" type="stmt"/>
        <line num="26" count="22" type="stmt"/>
        <line num="28" count="22" type="stmt"/>
        <line num="35" count="0" type="stmt"/>
        <line num="49" count="2" type="stmt"/>
        <line num="63" count="1" type="stmt"/>
        <line num="78" count="0" type="stmt"/>
      </file>
      <file name="DataManagement.tsx" path="/tmp/mvp-v3-2e008ac7-03b7-4472-98a5-fee043a6338a-CXeZci/src/components/DataManagement.tsx">
        <metrics statements="38" coveredstatements="35" conditionals="18" coveredconditionals="11" methods="5" coveredmethods="5"/>
        <line num="12" count="24" type="stmt"/>
        <line num="13" count="24" type="stmt"/>
        <line num="15" count="24" type="stmt"/>
        <line num="16" count="2" type="stmt"/>
        <line num="17" count="2" type="stmt"/>
        <line num="18" count="2" type="stmt"/>
        <line num="19" count="2" type="stmt"/>
        <line num="20" count="2" type="stmt"/>
        <line num="21" count="2" type="stmt"/>
        <line num="22" count="2" type="stmt"/>
        <line num="23" count="2" type="stmt"/>
        <line num="24" count="2" type="stmt"/>
        <line num="25" count="2" type="stmt"/>
        <line num="26" count="2" type="cond" truecount="1" falsecount="1"/>
        <line num="29" count="24" type="stmt"/>
        <line num="30" count="1" type="stmt"/>
        <line num="33" count="24" type="stmt"/>
        <line num="35" count="2" type="stmt"/>
        <line num="36" count="2" type="cond" truecount="1" falsecount="1"/>
        <line num="38" count="2" type="stmt"/>
        <line num="39" count="2" type="stmt"/>
        <line num="40" count="2" type="stmt"/>
        <line num="41" count="2" type="stmt"/>
        <line num="42" count="2" type="cond" truecount="1" falsecount="1"/>
        <line num="43" count="0" type="stmt"/>
        <line num="45" count="2" type="stmt"/>
        <line num="47" count="2" type="cond" truecount="1" falsecount="1"/>
        <line num="48" count="0" type="stmt"/>
        <line num="52" count="1" type="stmt"/>
        <line num="53" count="2" type="cond" truecount="5" falsecount="1"/>
        <line num="54" count="0" type="stmt"/>
        <line num="58" count="1" type="stmt"/>
        <line num="59" count="1" type="stmt"/>
        <line num="64" count="1" type="cond" truecount="1" falsecount="1"/>
        <line num="65" count="1" type="stmt"/>
        <line num="68" count="2" type="stmt"/>
        <line num="71" count="2" type="stmt"/>
        <line num="76" count="24" type="stmt"/>
      </file>
      <file name="Icon.tsx" path="/tmp/mvp-v3-2e008ac7-03b7-4472-98a5-fee043a6338a-CXeZci/src/components/Icon.tsx">
        <metrics statements="16" coveredstatements="14" conditionals="14" coveredconditionals="5" methods="15" coveredmethods="13"/>
        <line num="7" count="6" type="stmt"/>
        <line num="13" count="248" type="cond" truecount="1" falsecount="1"/>
        <line num="17" count="14" type="stmt"/>
        <line num="25" count="0" type="stmt"/>
        <line num="34" count="15" type="stmt"/>
        <line num="42" count="24" type="stmt"/>
        <line num="52" count="24" type="stmt"/>
        <line num="62" count="4" type="stmt"/>
        <line num="71" count="43" type="stmt"/>
        <line num="81" count="47" type="stmt"/>
        <line num="90" count="43" type="stmt"/>
        <line num="99" count="8" type="stmt"/>
        <line num="107" count="4" type="stmt"/>
        <line num="116" count="0" type="stmt"/>
        <line num="125" count="2" type="stmt"/>
        <line num="134" count="49" type="stmt"/>
      </file>
      <file name="ItemCard.tsx" path="/tmp/mvp-v3-2e008ac7-03b7-4472-98a5-fee043a6338a-CXeZci/src/components/ItemCard.tsx">
        <metrics statements="79" coveredstatements="70" conditionals="44" coveredconditionals="40" methods="25" coveredmethods="20"/>
        <line num="16" count="4" type="stmt"/>
        <line num="17" count="4" type="stmt"/>
        <line num="20" count="3" type="stmt"/>
        <line num="21" count="63" type="stmt"/>
        <line num="22" count="63" type="stmt"/>
        <line num="23" count="63" type="stmt"/>
        <line num="24" count="63" type="stmt"/>
        <line num="25" count="63" type="stmt"/>
        <line num="26" count="63" type="stmt"/>
        <line num="27" count="63" type="stmt"/>
        <line num="28" count="63" type="stmt"/>
        <line num="29" count="63" type="stmt"/>
        <line num="30" count="63" type="stmt"/>
        <line num="33" count="63" type="stmt"/>
        <line num="34" count="39" type="stmt"/>
        <line num="35" count="39" type="stmt"/>
        <line num="36" count="39" type="stmt"/>
        <line num="37" count="39" type="stmt"/>
        <line num="41" count="63" type="stmt"/>
        <line num="42" count="43" type="cond" truecount="4" falsecount="0"/>
        <line num="43" count="3" type="stmt"/>
        <line num="48" count="63" type="stmt"/>
        <line num="49" count="45" type="cond" truecount="4" falsecount="0"/>
        <line num="50" count="4" type="stmt"/>
        <line num="51" count="4" type="stmt"/>
        <line num="55" count="63" type="stmt"/>
        <line num="57" count="63" type="stmt"/>
        <line num="58" count="0" type="stmt"/>
        <line num="59" count="0" type="stmt"/>
        <line num="62" count="63" type="stmt"/>
        <line num="63" count="1" type="stmt"/>
        <line num="64" count="1" type="cond" truecount="1" falsecount="1"/>
        <line num="65" count="1" type="stmt"/>
        <line num="66" count="1" type="stmt"/>
        <line num="68" count="0" type="stmt"/>
        <line num="74" count="0" type="stmt"/>
        <line num="75" count="0" type="stmt"/>
        <line num="78" count="63" type="stmt"/>
        <line num="79" count="1" type="stmt"/>
        <line num="80" count="1" type="stmt"/>
        <line num="81" count="1" type="stmt"/>
        <line num="82" count="1" type="stmt"/>
        <line num="83" count="1" type="stmt"/>
        <line num="84" count="1" type="stmt"/>
        <line num="87" count="63" type="stmt"/>
        <line num="88" count="1" type="cond" truecount="1" falsecount="1"/>
        <line num="89" count="1" type="stmt"/>
        <line num="93" count="63" type="stmt"/>
        <line num="94" count="4" type="stmt"/>
        <line num="97" count="63" type="stmt"/>
        <line num="98" count="1" type="stmt"/>
        <line num="101" count="63" type="stmt"/>
        <line num="102" count="1" type="stmt"/>
        <line num="105" count="63" type="stmt"/>
        <line num="106" count="1" type="cond" truecount="1" falsecount="1"/>
        <line num="107" count="1" type="stmt"/>
        <line num="111" count="63" type="stmt"/>
        <line num="112" count="1" type="cond" truecount="1" falsecount="1"/>
        <line num="113" count="1" type="stmt"/>
        <line num="117" count="63" type="stmt"/>
        <line num="118" count="55" type="cond" truecount="2" falsecount="0"/>
        <line num="119" count="51" type="stmt"/>
        <line num="126" count="4" type="cond" truecount="2" falsecount="0"/>
        <line num="127" count="1" type="stmt"/>
        <line num="134" count="3" type="stmt"/>
        <line num="142" count="63" type="cond" truecount="2" falsecount="0"/>
        <line num="143" count="8" type="stmt"/>
        <line num="154" count="1" type="stmt"/>
        <line num="155" count="1" type="stmt"/>
        <line num="169" count="0" type="stmt"/>
        <line num="173" count="32" type="stmt"/>
        <line num="182" count="0" type="stmt"/>
        <line num="186" count="32" type="stmt"/>
        <line num="196" count="0" type="stmt"/>
        <line num="221" count="55" type="stmt"/>
        <line num="258" count="0" type="stmt"/>
        <line num="264" count="2" type="stmt"/>
        <line num="274" count="1" type="stmt"/>
        <line num="283" count="3" type="stmt"/>
      </file>
      <file name="ItemForm.tsx" path="/tmp/mvp-v3-2e008ac7-03b7-4472-98a5-fee043a6338a-CXeZci/src/components/ItemForm.tsx">
        <metrics statements="26" coveredstatements="26" conditionals="10" coveredconditionals="9" methods="9" coveredmethods="9"/>
        <line num="11" count="13" type="stmt"/>
        <line num="12" count="13" type="stmt"/>
        <line num="13" count="13" type="stmt"/>
        <line num="14" count="13" type="stmt"/>
        <line num="15" count="13" type="stmt"/>
        <line num="16" count="13" type="stmt"/>
        <line num="19" count="13" type="stmt"/>
        <line num="20" count="5" type="cond" truecount="1" falsecount="1"/>
        <line num="21" count="5" type="stmt"/>
        <line num="25" count="13" type="stmt"/>
        <line num="26" count="4" type="stmt"/>
        <line num="27" count="4" type="cond" truecount="2" falsecount="0"/>
        <line num="28" count="1" type="stmt"/>
        <line num="29" count="1" type="stmt"/>
        <line num="31" count="3" type="stmt"/>
        <line num="39" count="3" type="stmt"/>
        <line num="40" count="3" type="stmt"/>
        <line num="41" count="3" type="stmt"/>
        <line num="44" count="13" type="stmt"/>
        <line num="58" count="3" type="stmt"/>
        <line num="59" count="3" type="stmt"/>
        <line num="79" count="1" type="stmt"/>
        <line num="84" count="52" type="stmt"/>
        <line num="95" count="1" type="stmt"/>
        <line num="100" count="52" type="stmt"/>
        <line num="113" count="1" type="stmt"/>
      </file>
    </package>
    <package name="src.hooks">
      <metrics statements="38" coveredstatements="36" conditionals="14" coveredconditionals="11" methods="17" coveredmethods="17"/>
      <file name="useLocalStorage.ts" path="/tmp/mvp-v3-2e008ac7-03b7-4472-98a5-fee043a6338a-CXeZci/src/hooks/useLocalStorage.ts">
        <metrics statements="15" coveredstatements="14" conditionals="4" coveredconditionals="4" methods="5" coveredmethods="5"/>
        <line num="4" count="20" type="stmt"/>
        <line num="5" count="15" type="stmt"/>
        <line num="6" count="15" type="stmt"/>
        <line num="7" count="15" type="cond" truecount="2" falsecount="0"/>
        <line num="9" count="1" type="stmt"/>
        <line num="10" count="1" type="stmt"/>
        <line num="14" count="20" type="stmt"/>
        <line num="15" count="17" type="stmt"/>
        <line num="16" count="17" type="stmt"/>
        <line num="18" count="0" type="stmt"/>
        <line num="22" count="20" type="stmt"/>
        <line num="23" count="2" type="stmt"/>
        <line num="24" count="2" type="cond" truecount="2" falsecount="0"/>
        <line num="25" count="2" type="stmt"/>
        <line num="29" count="20" type="stmt"/>
      </file>
      <file name="useToast.tsx" path="/tmp/mvp-v3-2e008ac7-03b7-4472-98a5-fee043a6338a-CXeZci/src/hooks/useToast.tsx">
        <metrics statements="23" coveredstatements="22" conditionals="10" coveredconditionals="7" methods="12" coveredmethods="12"/>
        <line num="16" count="4" type="stmt"/>
        <line num="19" count="51" type="stmt"/>
        <line num="20" count="51" type="cond" truecount="1" falsecount="1"/>
        <line num="21" count="0" type="stmt"/>
        <line num="23" count="51" type="stmt"/>
        <line num="26" count="4" type="stmt"/>
        <line num="29" count="33" type="stmt"/>
        <line num="30" count="33" type="stmt"/>
        <line num="32" count="33" type="stmt"/>
        <line num="33" count="2" type="stmt"/>
        <line num="36" count="33" type="stmt"/>
        <line num="38" count="10" type="stmt"/>
        <line num="39" count="10" type="stmt"/>
        <line num="40" count="10" type="stmt"/>
        <line num="42" count="10" type="stmt"/>
        <line num="48" count="33" type="stmt"/>
        <line num="58" count="10" type="stmt"/>
        <line num="66" count="10" type="stmt"/>
        <line num="67" count="10" type="stmt"/>
        <line num="68" count="10" type="stmt"/>
        <line num="72" count="10" type="cond" truecount="2" falsecount="0"/>
        <line num="79" count="10" type="cond" truecount="2" falsecount="0"/>
        <line num="83" count="10" type="stmt"/>
      </file>
    </package>
  </project>
</coverage>
