<?xml version="1.0" encoding="UTF-8"?>
<coverage generated="1780330328958" clover="3.2.0">
  <project timestamp="1780330328958" name="All files">
    <metrics statements="299" coveredstatements="249" conditionals="152" coveredconditionals="115" methods="118" coveredmethods="88" elements="569" coveredelements="452" complexity="0" loc="299" ncloc="299" packages="3" files="10" classes="10"/>
    <package name="src">
      <metrics statements="75" coveredstatements="42" conditionals="44" coveredconditionals="24" methods="37" coveredmethods="15"/>
      <file name="App.tsx" path="/tmp/mvp-v3-2e008ac7-03b7-4472-98a5-fee043a6338a-XKb0O3/src/App.tsx">
        <metrics statements="64" coveredstatements="31" conditionals="38" coveredconditionals="19" methods="35" coveredmethods="13"/>
        <line num="20" count="10" type="stmt"/>
        <line num="21" count="10" type="stmt"/>
        <line num="25" count="0" type="stmt"/>
        <line num="29" count="0" type="stmt"/>
        <line num="32" count="0" type="stmt"/>
        <line num="33" count="0" type="stmt"/>
        <line num="36" count="0" type="stmt"/>
        <line num="37" count="0" type="stmt"/>
        <line num="38" count="0" type="stmt"/>
        <line num="42" count="10" type="cond" truecount="1" falsecount="1"/>
        <line num="43" count="0" type="stmt"/>
        <line num="76" count="10" type="stmt"/>
        <line num="80" count="2" type="stmt"/>
        <line num="112" count="10" type="stmt"/>
        <line num="122" count="14" type="stmt"/>
        <line num="123" count="14" type="stmt"/>
        <line num="124" count="14" type="stmt"/>
        <line num="125" count="14" type="stmt"/>
        <line num="127" count="14" type="stmt"/>
        <line num="128" count="13" type="stmt"/>
        <line num="129" count="28" type="cond" truecount="4" falsecount="0"/>
        <line num="130" count="3" type="stmt"/>
        <line num="132" count="25" type="stmt"/>
        <line num="136" count="14" type="stmt"/>
        <line num="138" count="1" type="stmt"/>
        <line num="139" count="1" type="stmt"/>
        <line num="140" count="1" type="stmt"/>
        <line num="145" count="14" type="stmt"/>
        <line num="147" count="0" type="stmt"/>
        <line num="148" count="0" type="stmt"/>
        <line num="149" count="0" type="cond" truecount="0" falsecount="2"/>
        <line num="150" count="0" type="stmt"/>
        <line num="152" count="0" type="stmt"/>
        <line num="153" count="0" type="cond" truecount="0" falsecount="2"/>
        <line num="169" count="14" type="stmt"/>
        <line num="171" count="0" type="stmt"/>
        <line num="172" count="0" type="stmt"/>
        <line num="173" count="0" type="cond" truecount="0" falsecount="2"/>
        <line num="174" count="0" type="stmt"/>
        <line num="176" count="0" type="cond" truecount="0" falsecount="2"/>
        <line num="182" count="14" type="stmt"/>
        <line num="184" count="0" type="stmt"/>
        <line num="185" count="0" type="stmt"/>
        <line num="186" count="0" type="cond" truecount="0" falsecount="2"/>
        <line num="187" count="0" type="stmt"/>
        <line num="189" count="0" type="stmt"/>
        <line num="195" count="14" type="stmt"/>
        <line num="197" count="0" type="stmt"/>
        <line num="198" count="0" type="cond" truecount="0" falsecount="2"/>
        <line num="200" count="0" type="stmt"/>
        <line num="205" count="14" type="stmt"/>
        <line num="207" count="0" type="stmt"/>
        <line num="208" count="0" type="cond" truecount="0" falsecount="2"/>
        <line num="214" count="14" type="stmt"/>
        <line num="215" count="10" type="stmt"/>
        <line num="216" count="0" type="stmt"/>
        <line num="217" count="0" type="stmt"/>
        <line num="219" count="10" type="stmt"/>
        <line num="220" count="10" type="stmt"/>
        <line num="223" count="14" type="stmt"/>
        <line num="263" count="1" type="stmt"/>
        <line num="277" count="0" type="stmt"/>
        <line num="296" count="0" type="stmt"/>
        <line num="308" count="28" type="stmt"/>
      </file>
      <file name="types.ts" path="/tmp/mvp-v3-2e008ac7-03b7-4472-98a5-fee043a6338a-XKb0O3/src/types.ts">
        <metrics statements="11" coveredstatements="11" conditionals="6" coveredconditionals="5" methods="2" coveredmethods="2"/>
        <line num="24" count="5" type="stmt"/>
        <line num="26" count="5" type="stmt"/>
        <line num="29" count="110" type="cond" truecount="2" falsecount="0"/>
        <line num="30" count="31" type="cond" truecount="1" falsecount="1"/>
        <line num="31" count="31" type="stmt"/>
        <line num="32" count="31" type="stmt"/>
        <line num="33" count="31" type="stmt"/>
        <line num="34" count="31" type="stmt"/>
        <line num="35" count="31" type="cond" truecount="2" falsecount="0"/>
        <line num="37" count="24" type="stmt"/>
        <line num="41" count="3" type="stmt"/>
      </file>
    </package>
    <package name="src.components">
      <metrics statements="186" coveredstatements="171" conditionals="94" coveredconditionals="80" methods="64" coveredmethods="56"/>
      <file name="BorrowForm.tsx" path="/tmp/mvp-v3-2e008ac7-03b7-4472-98a5-fee043a6338a-XKb0O3/src/components/BorrowForm.tsx">
        <metrics statements="17" coveredstatements="17" conditionals="10" coveredconditionals="9" methods="5" coveredmethods="5"/>
        <line num="9" count="9" type="stmt"/>
        <line num="10" count="9" type="stmt"/>
        <line num="11" count="9" type="stmt"/>
        <line num="12" count="9" type="stmt"/>
        <line num="15" count="9" type="stmt"/>
        <line num="16" count="6" type="cond" truecount="1" falsecount="1"/>
        <line num="17" count="6" type="stmt"/>
        <line num="21" count="9" type="stmt"/>
        <line num="22" count="2" type="stmt"/>
        <line num="23" count="2" type="cond" truecount="2" falsecount="0"/>
        <line num="24" count="1" type="stmt"/>
        <line num="25" count="1" type="stmt"/>
        <line num="27" count="1" type="stmt"/>
        <line num="30" count="9" type="stmt"/>
        <line num="42" count="1" type="stmt"/>
        <line num="43" count="1" type="stmt"/>
        <line num="61" count="1" type="stmt"/>
      </file>
      <file name="Dashboard.tsx" path="/tmp/mvp-v3-2e008ac7-03b7-4472-98a5-fee043a6338a-XKb0O3/src/components/Dashboard.tsx">
        <metrics statements="16" coveredstatements="14" conditionals="14" coveredconditionals="14" methods="6" coveredmethods="4"/>
        <line num="13" count="21" type="stmt"/>
        <line num="14" count="18" type="stmt"/>
        <line num="15" count="18" type="stmt"/>
        <line num="16" count="18" type="stmt"/>
        <line num="17" count="18" type="stmt"/>
        <line num="18" count="44" type="stmt"/>
        <line num="19" count="44" type="cond" truecount="2" falsecount="0"/>
        <line num="20" count="19" type="cond" truecount="2" falsecount="0"/>
        <line num="21" count="5" type="stmt"/>
        <line num="23" count="18" type="stmt"/>
        <line num="26" count="21" type="stmt"/>
        <line num="28" count="21" type="stmt"/>
        <line num="35" count="0" type="stmt"/>
        <line num="49" count="2" type="stmt"/>
        <line num="63" count="1" type="stmt"/>
        <line num="78" count="0" type="stmt"/>
      </file>
      <file name="DataManagement.tsx" path="/tmp/mvp-v3-2e008ac7-03b7-4472-98a5-fee043a6338a-XKb0O3/src/components/DataManagement.tsx">
        <metrics statements="33" coveredstatements="30" conditionals="6" coveredconditionals="3" methods="5" coveredmethods="5"/>
        <line num="11" count="19" type="stmt"/>
        <line num="13" count="19" type="stmt"/>
        <line num="14" count="2" type="stmt"/>
        <line num="15" count="2" type="stmt"/>
        <line num="16" count="2" type="stmt"/>
        <line num="17" count="2" type="stmt"/>
        <line num="18" count="2" type="stmt"/>
        <line num="19" count="2" type="stmt"/>
        <line num="20" count="2" type="stmt"/>
        <line num="21" count="2" type="stmt"/>
        <line num="22" count="2" type="stmt"/>
        <line num="23" count="2" type="stmt"/>
        <line num="26" count="19" type="stmt"/>
        <line num="27" count="1" type="stmt"/>
        <line num="30" count="19" type="stmt"/>
        <line num="32" count="2" type="stmt"/>
        <line num="33" count="2" type="cond" truecount="1" falsecount="1"/>
        <line num="35" count="2" type="stmt"/>
        <line num="36" count="2" type="stmt"/>
        <line num="37" count="2" type="stmt"/>
        <line num="38" count="2" type="stmt"/>
        <line num="39" count="2" type="cond" truecount="1" falsecount="1"/>
        <line num="40" count="0" type="stmt"/>
        <line num="41" count="0" type="stmt"/>
        <line num="43" count="2" type="stmt"/>
        <line num="44" count="2" type="cond" truecount="1" falsecount="1"/>
        <line num="45" count="0" type="stmt"/>
        <line num="47" count="1" type="stmt"/>
        <line num="50" count="1" type="stmt"/>
        <line num="52" count="1" type="stmt"/>
        <line num="59" count="2" type="stmt"/>
        <line num="62" count="2" type="stmt"/>
        <line num="67" count="19" type="stmt"/>
      </file>
      <file name="Icon.tsx" path="/tmp/mvp-v3-2e008ac7-03b7-4472-98a5-fee043a6338a-XKb0O3/src/components/Icon.tsx">
        <metrics statements="15" coveredstatements="14" conditionals="10" coveredconditionals="5" methods="14" coveredmethods="13"/>
        <line num="7" count="6" type="stmt"/>
        <line num="13" count="227" type="cond" truecount="1" falsecount="1"/>
        <line num="17" count="13" type="stmt"/>
        <line num="25" count="11" type="stmt"/>
        <line num="33" count="19" type="stmt"/>
        <line num="43" count="19" type="stmt"/>
        <line num="53" count="9" type="stmt"/>
        <line num="62" count="35" type="stmt"/>
        <line num="72" count="44" type="stmt"/>
        <line num="81" count="40" type="stmt"/>
        <line num="90" count="5" type="stmt"/>
        <line num="98" count="9" type="stmt"/>
        <line num="107" count="0" type="stmt"/>
        <line num="116" count="1" type="stmt"/>
        <line num="125" count="46" type="stmt"/>
      </file>
      <file name="ItemCard.tsx" path="/tmp/mvp-v3-2e008ac7-03b7-4472-98a5-fee043a6338a-XKb0O3/src/components/ItemCard.tsx">
        <metrics statements="79" coveredstatements="70" conditionals="44" coveredconditionals="40" methods="25" coveredmethods="20"/>
        <line num="16" count="9" type="stmt"/>
        <line num="17" count="9" type="stmt"/>
        <line num="20" count="3" type="stmt"/>
        <line num="21" count="60" type="stmt"/>
        <line num="22" count="60" type="stmt"/>
        <line num="23" count="60" type="stmt"/>
        <line num="24" count="60" type="stmt"/>
        <line num="25" count="60" type="stmt"/>
        <line num="26" count="60" type="stmt"/>
        <line num="27" count="60" type="stmt"/>
        <line num="28" count="60" type="stmt"/>
        <line num="29" count="60" type="stmt"/>
        <line num="30" count="60" type="stmt"/>
        <line num="33" count="60" type="stmt"/>
        <line num="34" count="36" type="stmt"/>
        <line num="35" count="36" type="stmt"/>
        <line num="36" count="36" type="stmt"/>
        <line num="37" count="36" type="stmt"/>
        <line num="41" count="60" type="stmt"/>
        <line num="42" count="40" type="cond" truecount="4" falsecount="0"/>
        <line num="43" count="3" type="stmt"/>
        <line num="48" count="60" type="stmt"/>
        <line num="49" count="42" type="cond" truecount="4" falsecount="0"/>
        <line num="50" count="4" type="stmt"/>
        <line num="51" count="4" type="stmt"/>
        <line num="55" count="60" type="stmt"/>
        <line num="57" count="60" type="stmt"/>
        <line num="58" count="0" type="stmt"/>
        <line num="59" count="0" type="stmt"/>
        <line num="62" count="60" type="stmt"/>
        <line num="63" count="1" type="stmt"/>
        <line num="64" count="1" type="cond" truecount="1" falsecount="1"/>
        <line num="65" count="1" type="stmt"/>
        <line num="66" count="1" type="stmt"/>
        <line num="68" count="0" type="stmt"/>
        <line num="74" count="0" type="stmt"/>
        <line num="75" count="0" type="stmt"/>
        <line num="78" count="60" type="stmt"/>
        <line num="79" count="1" type="stmt"/>
        <line num="80" count="1" type="stmt"/>
        <line num="81" count="1" type="stmt"/>
        <line num="82" count="1" type="stmt"/>
        <line num="83" count="1" type="stmt"/>
        <line num="84" count="1" type="stmt"/>
        <line num="87" count="60" type="stmt"/>
        <line num="88" count="1" type="cond" truecount="1" falsecount="1"/>
        <line num="89" count="1" type="stmt"/>
        <line num="93" count="60" type="stmt"/>
        <line num="94" count="4" type="stmt"/>
        <line num="97" count="60" type="stmt"/>
        <line num="98" count="1" type="stmt"/>
        <line num="101" count="60" type="stmt"/>
        <line num="102" count="1" type="stmt"/>
        <line num="105" count="60" type="stmt"/>
        <line num="106" count="1" type="cond" truecount="1" falsecount="1"/>
        <line num="107" count="1" type="stmt"/>
        <line num="111" count="60" type="stmt"/>
        <line num="112" count="1" type="cond" truecount="1" falsecount="1"/>
        <line num="113" count="1" type="stmt"/>
        <line num="117" count="60" type="stmt"/>
        <line num="118" count="52" type="cond" truecount="2" falsecount="0"/>
        <line num="119" count="43" type="stmt"/>
        <line num="126" count="9" type="cond" truecount="2" falsecount="0"/>
        <line num="127" count="1" type="stmt"/>
        <line num="134" count="8" type="stmt"/>
        <line num="142" count="60" type="cond" truecount="2" falsecount="0"/>
        <line num="143" count="8" type="stmt"/>
        <line num="154" count="1" type="stmt"/>
        <line num="155" count="1" type="stmt"/>
        <line num="169" count="0" type="stmt"/>
        <line num="173" count="32" type="stmt"/>
        <line num="182" count="0" type="stmt"/>
        <line num="186" count="32" type="stmt"/>
        <line num="196" count="0" type="stmt"/>
        <line num="221" count="52" type="stmt"/>
        <line num="258" count="0" type="stmt"/>
        <line num="264" count="2" type="stmt"/>
        <line num="274" count="1" type="stmt"/>
        <line num="283" count="3" type="stmt"/>
      </file>
      <file name="ItemForm.tsx" path="/tmp/mvp-v3-2e008ac7-03b7-4472-98a5-fee043a6338a-XKb0O3/src/components/ItemForm.tsx">
        <metrics statements="26" coveredstatements="26" conditionals="10" coveredconditionals="9" methods="9" coveredmethods="9"/>
        <line num="11" count="13" type="stmt"/>
        <line num="12" count="13" type="stmt"/>
        <line num="13" count="13" type="stmt"/>
        <line num="14" count="13" type="stmt"/>
        <line num="15" count="13" type="stmt"/>
        <line num="16" count="13" type="stmt"/>
        <line num="19" count="13" type="stmt"/>
        <line num="20" count="5" type="cond" truecount="1" falsecount="1"/>
        <line num="21" count="5" type="stmt"/>
        <line num="25" count="13" type="stmt"/>
        <line num="26" count="4" type="stmt"/>
        <line num="27" count="4" type="cond" truecount="2" falsecount="0"/>
        <line num="28" count="1" type="stmt"/>
        <line num="29" count="1" type="stmt"/>
        <line num="31" count="3" type="stmt"/>
        <line num="39" count="3" type="stmt"/>
        <line num="40" count="3" type="stmt"/>
        <line num="41" count="3" type="stmt"/>
        <line num="44" count="13" type="stmt"/>
        <line num="58" count="3" type="stmt"/>
        <line num="59" count="3" type="stmt"/>
        <line num="79" count="1" type="stmt"/>
        <line num="84" count="52" type="stmt"/>
        <line num="95" count="1" type="stmt"/>
        <line num="100" count="52" type="stmt"/>
        <line num="113" count="1" type="stmt"/>
      </file>
    </package>
    <package name="src.hooks">
      <metrics statements="38" coveredstatements="36" conditionals="14" coveredconditionals="11" methods="17" coveredmethods="17"/>
      <file name="useLocalStorage.ts" path="/tmp/mvp-v3-2e008ac7-03b7-4472-98a5-fee043a6338a-XKb0O3/src/hooks/useLocalStorage.ts">
        <metrics statements="15" coveredstatements="14" conditionals="4" coveredconditionals="4" methods="5" coveredmethods="5"/>
        <line num="4" count="19" type="stmt"/>
        <line num="5" count="14" type="stmt"/>
        <line num="6" count="14" type="stmt"/>
        <line num="7" count="14" type="cond" truecount="2" falsecount="0"/>
        <line num="9" count="1" type="stmt"/>
        <line num="10" count="1" type="stmt"/>
        <line num="14" count="19" type="stmt"/>
        <line num="15" count="16" type="stmt"/>
        <line num="16" count="16" type="stmt"/>
        <line num="18" count="0" type="stmt"/>
        <line num="22" count="19" type="stmt"/>
        <line num="23" count="2" type="stmt"/>
        <line num="24" count="2" type="cond" truecount="2" falsecount="0"/>
        <line num="25" count="2" type="stmt"/>
        <line num="29" count="19" type="stmt"/>
      </file>
      <file name="useToast.tsx" path="/tmp/mvp-v3-2e008ac7-03b7-4472-98a5-fee043a6338a-XKb0O3/src/hooks/useToast.tsx">
        <metrics statements="23" coveredstatements="22" conditionals="10" coveredconditionals="7" methods="12" coveredmethods="12"/>
        <line num="16" count="3" type="stmt"/>
        <line num="19" count="26" type="stmt"/>
        <line num="20" count="26" type="cond" truecount="1" falsecount="1"/>
        <line num="21" count="0" type="stmt"/>
        <line num="23" count="26" type="stmt"/>
        <line num="26" count="3" type="stmt"/>
        <line num="29" count="23" type="stmt"/>
        <line num="30" count="23" type="stmt"/>
        <line num="32" count="23" type="stmt"/>
        <line num="33" count="2" type="stmt"/>
        <line num="36" count="23" type="stmt"/>
        <line num="38" count="6" type="stmt"/>
        <line num="39" count="6" type="stmt"/>
        <line num="40" count="6" type="stmt"/>
        <line num="42" count="6" type="stmt"/>
        <line num="48" count="23" type="stmt"/>
        <line num="58" count="6" type="stmt"/>
        <line num="66" count="6" type="stmt"/>
        <line num="67" count="6" type="stmt"/>
        <line num="68" count="6" type="stmt"/>
        <line num="72" count="6" type="cond" truecount="2" falsecount="0"/>
        <line num="79" count="6" type="cond" truecount="2" falsecount="0"/>
        <line num="83" count="6" type="stmt"/>
      </file>
    </package>
  </project>
</coverage>
