{"/tmp/mvp-v3-2e008ac7-03b7-4472-98a5-fee043a6338a-XKb0O3/src/App.tsx": {"path":"/tmp/mvp-v3-2e008ac7-03b7-4472-98a5-fee043a6338a-XKb0O3/src/App.tsx","statementMap":{"0":{"start":{"line":32,"column":2},"end":{"line":34,"column":null}},"1":{"start":{"line":36,"column":2},"end":{"line":39,"column":null}},"2":{"start":{"line":20,"column":4},"end":{"line":20,"column":null}},"3":{"start":{"line":21,"column":4},"end":{"line":21,"column":null}},"4":{"start":{"line":25,"column":4},"end":{"line":25,"column":null}},"5":{"start":{"line":29,"column":4},"end":{"line":29,"column":null}},"6":{"start":{"line":33,"column":4},"end":{"line":33,"column":null}},"7":{"start":{"line":37,"column":4},"end":{"line":37,"column":null}},"8":{"start":{"line":38,"column":4},"end":{"line":38,"column":null}},"9":{"start":{"line":42,"column":4},"end":{"line":75,"column":null}},"10":{"start":{"line":43,"column":6},"end":{"line":73,"column":null}},"11":{"start":{"line":76,"column":4},"end":{"line":76,"column":null}},"12":{"start":{"line":80,"column":34},"end":{"line":109,"column":null}},"13":{"start":{"line":112,"column":2},"end":{"line":117,"column":null}},"14":{"start":{"line":122,"column":16},"end":{"line":122,"column":null}},"15":{"start":{"line":123,"column":23},"end":{"line":123,"column":null}},"16":{"start":{"line":124,"column":19},"end":{"line":124,"column":null}},"17":{"start":{"line":125,"column":10},"end":{"line":125,"column":null}},"18":{"start":{"line":127,"column":8},"end":{"line":134,"column":null}},"19":{"start":{"line":128,"column":4},"end":{"line":133,"column":null}},"20":{"start":{"line":129,"column":6},"end":{"line":131,"column":null}},"21":{"start":{"line":130,"column":8},"end":{"line":130,"column":null}},"22":{"start":{"line":132,"column":6},"end":{"line":132,"column":null}},"23":{"start":{"line":136,"column":8},"end":{"line":143,"column":null}},"24":{"start":{"line":138,"column":6},"end":{"line":138,"column":null}},"25":{"start":{"line":138,"column":25},"end":{"line":138,"column":40}},"26":{"start":{"line":139,"column":6},"end":{"line":139,"column":null}},"27":{"start":{"line":140,"column":6},"end":{"line":140,"column":null}},"28":{"start":{"line":145,"column":8},"end":{"line":167,"column":null}},"29":{"start":{"line":147,"column":6},"end":{"line":164,"column":null}},"30":{"start":{"line":148,"column":21},"end":{"line":148,"column":null}},"31":{"start":{"line":148,"column":38},"end":{"line":148,"column":49}},"32":{"start":{"line":149,"column":8},"end":{"line":151,"column":null}},"33":{"start":{"line":150,"column":10},"end":{"line":150,"column":null}},"34":{"start":{"line":152,"column":8},"end":{"line":163,"column":null}},"35":{"start":{"line":153,"column":10},"end":{"line":162,"column":null}},"36":{"start":{"line":169,"column":8},"end":{"line":180,"column":null}},"37":{"start":{"line":171,"column":6},"end":{"line":177,"column":null}},"38":{"start":{"line":172,"column":21},"end":{"line":172,"column":null}},"39":{"start":{"line":172,"column":38},"end":{"line":172,"column":49}},"40":{"start":{"line":173,"column":8},"end":{"line":175,"column":null}},"41":{"start":{"line":174,"column":10},"end":{"line":174,"column":null}},"42":{"start":{"line":176,"column":8},"end":{"line":176,"column":null}},"43":{"start":{"line":176,"column":32},"end":{"line":176,"column":73}},"44":{"start":{"line":182,"column":8},"end":{"line":193,"column":null}},"45":{"start":{"line":184,"column":6},"end":{"line":190,"column":null}},"46":{"start":{"line":185,"column":21},"end":{"line":185,"column":null}},"47":{"start":{"line":185,"column":38},"end":{"line":185,"column":49}},"48":{"start":{"line":186,"column":8},"end":{"line":188,"column":null}},"49":{"start":{"line":187,"column":10},"end":{"line":187,"column":null}},"50":{"start":{"line":189,"column":8},"end":{"line":189,"column":null}},"51":{"start":{"line":189,"column":34},"end":{"line":189,"column":45}},"52":{"start":{"line":195,"column":8},"end":{"line":203,"column":null}},"53":{"start":{"line":197,"column":6},"end":{"line":199,"column":null}},"54":{"start":{"line":198,"column":8},"end":{"line":198,"column":null}},"55":{"start":{"line":198,"column":28},"end":{"line":198,"column":76}},"56":{"start":{"line":200,"column":6},"end":{"line":200,"column":null}},"57":{"start":{"line":205,"column":8},"end":{"line":211,"column":null}},"58":{"start":{"line":207,"column":6},"end":{"line":207,"column":null}},"59":{"start":{"line":208,"column":6},"end":{"line":208,"column":null}},"60":{"start":{"line":214,"column":2},"end":{"line":221,"column":null}},"61":{"start":{"line":215,"column":10},"end":{"line":218,"column":null}},"62":{"start":{"line":216,"column":22},"end":{"line":216,"column":null}},"63":{"start":{"line":217,"column":6},"end":{"line":217,"column":null}},"64":{"start":{"line":219,"column":4},"end":{"line":219,"column":null}},"65":{"start":{"line":220,"column":4},"end":{"line":220,"column":null}},"66":{"start":{"line":220,"column":17},"end":{"line":220,"column":null}},"67":{"start":{"line":223,"column":2},"end":{"line":320,"column":null}},"68":{"start":{"line":263,"column":29},"end":{"line":263,"column":null}},"69":{"start":{"line":277,"column":60},"end":{"line":277,"column":81}},"70":{"start":{"line":296,"column":33},"end":{"line":296,"column":null}},"71":{"start":{"line":308,"column":14},"end":{"line":315,"column":null}}},"fnMap":{"0":{"name":"constructor","decl":{"start":{"line":19,"column":2},"end":{"line":19,"column":14}},"loc":{"start":{"line":19,"column":46},"end":{"line":22,"column":null}},"line":19},"1":{"name":"getDerivedStateFromError","decl":{"start":{"line":24,"column":9},"end":{"line":24,"column":34}},"loc":{"start":{"line":24,"column":68},"end":{"line":26,"column":null}},"line":24},"2":{"name":"componentDidCatch","decl":{"start":{"line":28,"column":2},"end":{"line":28,"column":20}},"loc":{"start":{"line":28,"column":62},"end":{"line":30,"column":null}},"line":28},"3":{"name":"(anonymous_3)","decl":{"start":{"line":32,"column":2},"end":{"line":32,"column":29}},"loc":{"start":{"line":32,"column":29},"end":{"line":34,"column":null}},"line":32},"4":{"name":"(anonymous_4)","decl":{"start":{"line":36,"column":2},"end":{"line":36,"column":32}},"loc":{"start":{"line":36,"column":32},"end":{"line":39,"column":null}},"line":36},"5":{"name":"render","decl":{"start":{"line":41,"column":2},"end":{"line":41,"column":22}},"loc":{"start":{"line":41,"column":22},"end":{"line":77,"column":null}},"line":41},"6":{"name":"App","decl":{"start":{"line":111,"column":16},"end":{"line":111,"column":22}},"loc":{"start":{"line":111,"column":22},"end":{"line":119,"column":null}},"line":111},"7":{"name":"AppContent","decl":{"start":{"line":121,"column":9},"end":{"line":121,"column":22}},"loc":{"start":{"line":121,"column":22},"end":{"line":322,"column":null}},"line":121},"8":{"name":"(anonymous_8)","decl":{"start":{"line":127,"column":24},"end":{"line":127,"column":38}},"loc":{"start":{"line":127,"column":38},"end":{"line":134,"column":5}},"line":127},"9":{"name":"(anonymous_9)","decl":{"start":{"line":128,"column":17},"end":{"line":128,"column":25}},"loc":{"start":{"line":128,"column":34},"end":{"line":133,"column":5}},"line":128},"10":{"name":"(anonymous_10)","decl":{"start":{"line":136,"column":24},"end":{"line":136,"column":null}},"loc":{"start":{"line":137,"column":24},"end":{"line":141,"column":null}},"line":137},"11":{"name":"(anonymous_11)","decl":{"start":{"line":138,"column":6},"end":{"line":138,"column":16}},"loc":{"start":{"line":138,"column":25},"end":{"line":138,"column":40}},"line":138},"12":{"name":"(anonymous_12)","decl":{"start":{"line":145,"column":23},"end":{"line":145,"column":null}},"loc":{"start":{"line":146,"column":72},"end":{"line":165,"column":null}},"line":146},"13":{"name":"(anonymous_13)","decl":{"start":{"line":147,"column":6},"end":{"line":147,"column":16}},"loc":{"start":{"line":147,"column":25},"end":{"line":164,"column":7}},"line":147},"14":{"name":"(anonymous_14)","decl":{"start":{"line":148,"column":26},"end":{"line":148,"column":32}},"loc":{"start":{"line":148,"column":38},"end":{"line":148,"column":49}},"line":148},"15":{"name":"(anonymous_15)","decl":{"start":{"line":152,"column":20},"end":{"line":152,"column":25}},"loc":{"start":{"line":153,"column":10},"end":{"line":162,"column":null}},"line":153},"16":{"name":"(anonymous_16)","decl":{"start":{"line":169,"column":23},"end":{"line":169,"column":null}},"loc":{"start":{"line":170,"column":20},"end":{"line":178,"column":null}},"line":170},"17":{"name":"(anonymous_17)","decl":{"start":{"line":171,"column":6},"end":{"line":171,"column":16}},"loc":{"start":{"line":171,"column":25},"end":{"line":177,"column":7}},"line":171},"18":{"name":"(anonymous_18)","decl":{"start":{"line":172,"column":26},"end":{"line":172,"column":32}},"loc":{"start":{"line":172,"column":38},"end":{"line":172,"column":49}},"line":172},"19":{"name":"(anonymous_19)","decl":{"start":{"line":176,"column":20},"end":{"line":176,"column":25}},"loc":{"start":{"line":176,"column":32},"end":{"line":176,"column":73}},"line":176},"20":{"name":"(anonymous_20)","decl":{"start":{"line":182,"column":23},"end":{"line":182,"column":null}},"loc":{"start":{"line":183,"column":20},"end":{"line":191,"column":null}},"line":183},"21":{"name":"(anonymous_21)","decl":{"start":{"line":184,"column":6},"end":{"line":184,"column":16}},"loc":{"start":{"line":184,"column":25},"end":{"line":190,"column":7}},"line":184},"22":{"name":"(anonymous_22)","decl":{"start":{"line":185,"column":26},"end":{"line":185,"column":32}},"loc":{"start":{"line":185,"column":38},"end":{"line":185,"column":49}},"line":185},"23":{"name":"(anonymous_23)","decl":{"start":{"line":189,"column":20},"end":{"line":189,"column":28}},"loc":{"start":{"line":189,"column":34},"end":{"line":189,"column":45}},"line":189},"24":{"name":"(anonymous_24)","decl":{"start":{"line":195,"column":23},"end":{"line":195,"column":null}},"loc":{"start":{"line":196,"column":48},"end":{"line":201,"column":null}},"line":196},"25":{"name":"(anonymous_25)","decl":{"start":{"line":197,"column":6},"end":{"line":197,"column":16}},"loc":{"start":{"line":198,"column":8},"end":{"line":198,"column":null}},"line":198},"26":{"name":"(anonymous_26)","decl":{"start":{"line":198,"column":13},"end":{"line":198,"column":18}},"loc":{"start":{"line":198,"column":28},"end":{"line":198,"column":76}},"line":198},"27":{"name":"(anonymous_27)","decl":{"start":{"line":205,"column":23},"end":{"line":205,"column":null}},"loc":{"start":{"line":206,"column":35},"end":{"line":209,"column":null}},"line":206},"28":{"name":"(anonymous_28)","decl":{"start":{"line":214,"column":2},"end":{"line":214,"column":18}},"loc":{"start":{"line":214,"column":18},"end":{"line":221,"column":5}},"line":214},"29":{"name":"(anonymous_29)","decl":{"start":{"line":215,"column":10},"end":{"line":215,"column":21}},"loc":{"start":{"line":215,"column":34},"end":{"line":218,"column":null}},"line":215},"30":{"name":"(anonymous_30)","decl":{"start":{"line":220,"column":4},"end":{"line":220,"column":17}},"loc":{"start":{"line":220,"column":17},"end":{"line":220,"column":null}},"line":220},"31":{"name":"(anonymous_31)","decl":{"start":{"line":263,"column":14},"end":{"line":263,"column":29}},"loc":{"start":{"line":263,"column":29},"end":{"line":263,"column":null}},"line":263},"32":{"name":"(anonymous_32)","decl":{"start":{"line":277,"column":44},"end":{"line":277,"column":60}},"loc":{"start":{"line":277,"column":60},"end":{"line":277,"column":81}},"line":277},"33":{"name":"(anonymous_33)","decl":{"start":{"line":296,"column":18},"end":{"line":296,"column":33}},"loc":{"start":{"line":296,"column":33},"end":{"line":296,"column":null}},"line":296},"34":{"name":"(anonymous_34)","decl":{"start":{"line":307,"column":27},"end":{"line":307,"column":32}},"loc":{"start":{"line":308,"column":14},"end":{"line":315,"column":null}},"line":308}},"branchMap":{"0":{"loc":{"start":{"line":42,"column":4},"end":{"line":75,"column":null}},"type":"if","locations":[{"start":{"line":42,"column":4},"end":{"line":75,"column":null}},{"start":{},"end":{}}],"line":42},"1":{"loc":{"start":{"line":53,"column":13},"end":{"line":56,"column":null}},"type":"binary-expr","locations":[{"start":{"line":53,"column":13},"end":{"line":53,"column":null}},{"start":{"line":54,"column":14},"end":{"line":56,"column":null}}],"line":53},"2":{"loc":{"start":{"line":129,"column":6},"end":{"line":131,"column":null}},"type":"if","locations":[{"start":{"line":129,"column":6},"end":{"line":131,"column":null}},{"start":{},"end":{}}],"line":129},"3":{"loc":{"start":{"line":129,"column":10},"end":{"line":129,"column":74}},"type":"binary-expr","locations":[{"start":{"line":129,"column":10},"end":{"line":129,"column":36}},{"start":{"line":129,"column":27},"end":{"line":129,"column":74}}],"line":129},"4":{"loc":{"start":{"line":149,"column":8},"end":{"line":151,"column":null}},"type":"if","locations":[{"start":{"line":149,"column":8},"end":{"line":151,"column":null}},{"start":{},"end":{}}],"line":149},"5":{"loc":{"start":{"line":153,"column":10},"end":{"line":162,"column":null}},"type":"cond-expr","locations":[{"start":{"line":154,"column":14},"end":{"line":161,"column":null}},{"start":{"line":162,"column":14},"end":{"line":162,"column":null}}],"line":153},"6":{"loc":{"start":{"line":159,"column":30},"end":{"line":159,"column":null}},"type":"binary-expr","locations":[{"start":{"line":159,"column":30},"end":{"line":159,"column":49}},{"start":{"line":159,"column":49},"end":{"line":159,"column":null}}],"line":159},"7":{"loc":{"start":{"line":173,"column":8},"end":{"line":175,"column":null}},"type":"if","locations":[{"start":{"line":173,"column":8},"end":{"line":175,"column":null}},{"start":{},"end":{}}],"line":173},"8":{"loc":{"start":{"line":176,"column":32},"end":{"line":176,"column":73}},"type":"cond-expr","locations":[{"start":{"line":176,"column":46},"end":{"line":176,"column":71}},{"start":{"line":176,"column":71},"end":{"line":176,"column":73}}],"line":176},"9":{"loc":{"start":{"line":186,"column":8},"end":{"line":188,"column":null}},"type":"if","locations":[{"start":{"line":186,"column":8},"end":{"line":188,"column":null}},{"start":{},"end":{}}],"line":186},"10":{"loc":{"start":{"line":198,"column":28},"end":{"line":198,"column":76}},"type":"cond-expr","locations":[{"start":{"line":198,"column":45},"end":{"line":198,"column":71}},{"start":{"line":198,"column":71},"end":{"line":198,"column":76}}],"line":198},"11":{"loc":{"start":{"line":208,"column":57},"end":{"line":208,"column":95}},"type":"cond-expr","locations":[{"start":{"line":208,"column":86},"end":{"line":208,"column":91}},{"start":{"line":208,"column":91},"end":{"line":208,"column":95}}],"line":208},"12":{"loc":{"start":{"line":261,"column":11},"end":{"line":271,"column":11}},"type":"binary-expr","locations":[{"start":{"line":261,"column":11},"end":{"line":261,"column":null}},{"start":{"line":262,"column":12},"end":{"line":271,"column":11}}],"line":261},"13":{"loc":{"start":{"line":275,"column":9},"end":{"line":278,"column":null}},"type":"binary-expr","locations":[{"start":{"line":275,"column":9},"end":{"line":275,"column":null}},{"start":{"line":276,"column":10},"end":{"line":278,"column":null}}],"line":275},"14":{"loc":{"start":{"line":282,"column":9},"end":{"line":318,"column":null}},"type":"cond-expr","locations":[{"start":{"line":283,"column":10},"end":{"line":305,"column":26}},{"start":{"line":305,"column":12},"end":{"line":318,"column":null}}],"line":282},"15":{"loc":{"start":{"line":282,"column":9},"end":{"line":282,"column":null}},"type":"binary-expr","locations":[{"start":{"line":282,"column":9},"end":{"line":282,"column":39}},{"start":{"line":282,"column":39},"end":{"line":282,"column":null}}],"line":282},"16":{"loc":{"start":{"line":291,"column":43},"end":{"line":291,"column":73}},"type":"cond-expr","locations":[{"start":{"line":291,"column":64},"end":{"line":291,"column":69}},{"start":{"line":291,"column":69},"end":{"line":291,"column":73}}],"line":291},"17":{"loc":{"start":{"line":294,"column":15},"end":{"line":301,"column":null}},"type":"binary-expr","locations":[{"start":{"line":294,"column":15},"end":{"line":294,"column":null}},{"start":{"line":295,"column":16},"end":{"line":301,"column":null}}],"line":294},"18":{"loc":{"start":{"line":305,"column":12},"end":{"line":318,"column":null}},"type":"cond-expr","locations":[{"start":{"line":306,"column":10},"end":{"line":318,"column":null}},{"start":{"line":318,"column":12},"end":{"line":318,"column":null}}],"line":305}},"s":{"0":0,"1":0,"2":10,"3":10,"4":0,"5":0,"6":0,"7":0,"8":0,"9":10,"10":0,"11":10,"12":2,"13":10,"14":14,"15":14,"16":14,"17":14,"18":14,"19":13,"20":28,"21":3,"22":25,"23":14,"24":1,"25":1,"26":1,"27":1,"28":14,"29":0,"30":0,"31":0,"32":0,"33":0,"34":0,"35":0,"36":14,"37":0,"38":0,"39":0,"40":0,"41":0,"42":0,"43":0,"44":14,"45":0,"46":0,"47":0,"48":0,"49":0,"50":0,"51":0,"52":14,"53":0,"54":0,"55":0,"56":0,"57":14,"58":0,"59":0,"60":14,"61":10,"62":0,"63":0,"64":10,"65":10,"66":10,"67":14,"68":1,"69":0,"70":0,"71":28},"f":{"0":10,"1":10,"2":0,"3":0,"4":0,"5":10,"6":10,"7":14,"8":13,"9":28,"10":1,"11":1,"12":0,"13":0,"14":0,"15":0,"16":0,"17":0,"18":0,"19":0,"20":0,"21":0,"22":0,"23":0,"24":0,"25":0,"26":0,"27":0,"28":10,"29":0,"30":10,"31":1,"32":0,"33":0,"34":28},"b":{"0":[0,10],"1":[0,0],"2":[3,25],"3":[28,3],"4":[0,0],"5":[0,0],"6":[0,0],"7":[0,0],"8":[0,0],"9":[0,0],"10":[0,0],"11":[0,0],"12":[14,13],"13":[14,1],"14":[2,12],"15":[14,3],"16":[1,1],"17":[2,2],"18":[11,1]},"meta":{"lastBranch":19,"lastFunction":35,"lastStatement":72,"seen":{"s:32:2:34:Infinity":0,"s:36:2:39:Infinity":1,"f:19:2:19:14":0,"s:20:4:20:Infinity":2,"s:21:4:21:Infinity":3,"f:24:9:24:34":1,"s:25:4:25:Infinity":4,"f:28:2:28:20":2,"s:29:4:29:Infinity":5,"f:32:2:32:29":3,"s:33:4:33:Infinity":6,"f:36:2:36:32":4,"s:37:4:37:Infinity":7,"s:38:4:38:Infinity":8,"f:41:2:41:22":5,"b:42:4:75:Infinity:undefined:undefined:undefined:undefined":0,"s:42:4:75:Infinity":9,"s:43:6:73:Infinity":10,"b:53:13:53:Infinity:54:14:56:Infinity":1,"s:76:4:76:Infinity":11,"s:80:34:109:Infinity":12,"f:111:16:111:22":6,"s:112:2:117:Infinity":13,"f:121:9:121:22":7,"s:122:16:122:Infinity":14,"s:123:23:123:Infinity":15,"s:124:19:124:Infinity":16,"s:125:10:125:Infinity":17,"s:127:8:134:Infinity":18,"f:127:24:127:38":8,"s:128:4:133:Infinity":19,"f:128:17:128:25":9,"b:129:6:131:Infinity:undefined:undefined:undefined:undefined":2,"s:129:6:131:Infinity":20,"b:129:10:129:36:129:27:129:74":3,"s:130:8:130:Infinity":21,"s:132:6:132:Infinity":22,"s:136:8:143:Infinity":23,"f:136:24:136:Infinity":10,"s:138:6:138:Infinity":24,"f:138:6:138:16":11,"s:138:25:138:40":25,"s:139:6:139:Infinity":26,"s:140:6:140:Infinity":27,"s:145:8:167:Infinity":28,"f:145:23:145:Infinity":12,"s:147:6:164:Infinity":29,"f:147:6:147:16":13,"s:148:21:148:Infinity":30,"f:148:26:148:32":14,"s:148:38:148:49":31,"b:149:8:151:Infinity:undefined:undefined:undefined:undefined":4,"s:149:8:151:Infinity":32,"s:150:10:150:Infinity":33,"s:152:8:163:Infinity":34,"f:152:20:152:25":15,"s:153:10:162:Infinity":35,"b:154:14:161:Infinity:162:14:162:Infinity":5,"b:159:30:159:49:159:49:159:Infinity":6,"s:169:8:180:Infinity":36,"f:169:23:169:Infinity":16,"s:171:6:177:Infinity":37,"f:171:6:171:16":17,"s:172:21:172:Infinity":38,"f:172:26:172:32":18,"s:172:38:172:49":39,"b:173:8:175:Infinity:undefined:undefined:undefined:undefined":7,"s:173:8:175:Infinity":40,"s:174:10:174:Infinity":41,"s:176:8:176:Infinity":42,"f:176:20:176:25":19,"s:176:32:176:73":43,"b:176:46:176:71:176:71:176:73":8,"s:182:8:193:Infinity":44,"f:182:23:182:Infinity":20,"s:184:6:190:Infinity":45,"f:184:6:184:16":21,"s:185:21:185:Infinity":46,"f:185:26:185:32":22,"s:185:38:185:49":47,"b:186:8:188:Infinity:undefined:undefined:undefined:undefined":9,"s:186:8:188:Infinity":48,"s:187:10:187:Infinity":49,"s:189:8:189:Infinity":50,"f:189:20:189:28":23,"s:189:34:189:45":51,"s:195:8:203:Infinity":52,"f:195:23:195:Infinity":24,"s:197:6:199:Infinity":53,"f:197:6:197:16":25,"s:198:8:198:Infinity":54,"f:198:13:198:18":26,"s:198:28:198:76":55,"b:198:45:198:71:198:71:198:76":10,"s:200:6:200:Infinity":56,"s:205:8:211:Infinity":57,"f:205:23:205:Infinity":27,"s:207:6:207:Infinity":58,"s:208:6:208:Infinity":59,"b:208:86:208:91:208:91:208:95":11,"s:214:2:221:Infinity":60,"f:214:2:214:18":28,"s:215:10:218:Infinity":61,"f:215:10:215:21":29,"s:216:22:216:Infinity":62,"s:217:6:217:Infinity":63,"s:219:4:219:Infinity":64,"s:220:4:220:Infinity":65,"f:220:4:220:17":30,"s:220:17:220:Infinity":66,"s:223:2:320:Infinity":67,"b:261:11:261:Infinity:262:12:271:11":12,"f:263:14:263:29":31,"s:263:29:263:Infinity":68,"b:275:9:275:Infinity:276:10:278:Infinity":13,"f:277:44:277:60":32,"s:277:60:277:81":69,"b:283:10:305:26:305:12:318:Infinity":14,"b:282:9:282:39:282:39:282:Infinity":15,"b:291:64:291:69:291:69:291:73":16,"b:294:15:294:Infinity:295:16:301:Infinity":17,"f:296:18:296:33":33,"s:296:33:296:Infinity":70,"b:306:10:318:Infinity:318:12:318:Infinity":18,"f:307:27:307:32":34,"s:308:14:315:Infinity":71}}}
,"/tmp/mvp-v3-2e008ac7-03b7-4472-98a5-fee043a6338a-XKb0O3/src/types.ts": {"path":"/tmp/mvp-v3-2e008ac7-03b7-4472-98a5-fee043a6338a-XKb0O3/src/types.ts","statementMap":{"0":{"start":{"line":24,"column":42},"end":{"line":24,"column":null}},"1":{"start":{"line":26,"column":43},"end":{"line":26,"column":null}},"2":{"start":{"line":29,"column":2},"end":{"line":29,"column":null}},"3":{"start":{"line":29,"column":20},"end":{"line":29,"column":null}},"4":{"start":{"line":30,"column":2},"end":{"line":36,"column":null}},"5":{"start":{"line":31,"column":18},"end":{"line":31,"column":null}},"6":{"start":{"line":32,"column":4},"end":{"line":32,"column":null}},"7":{"start":{"line":33,"column":20},"end":{"line":33,"column":null}},"8":{"start":{"line":34,"column":4},"end":{"line":34,"column":null}},"9":{"start":{"line":35,"column":4},"end":{"line":35,"column":null}},"10":{"start":{"line":35,"column":25},"end":{"line":35,"column":null}},"11":{"start":{"line":37,"column":2},"end":{"line":37,"column":null}},"12":{"start":{"line":41,"column":2},"end":{"line":41,"column":null}}},"fnMap":{"0":{"name":"getItemStatus","decl":{"start":{"line":28,"column":16},"end":{"line":28,"column":30}},"loc":{"start":{"line":28,"column":58},"end":{"line":38,"column":null}},"line":28},"1":{"name":"generateId","decl":{"start":{"line":40,"column":16},"end":{"line":40,"column":37}},"loc":{"start":{"line":40,"column":37},"end":{"line":42,"column":null}},"line":40}},"branchMap":{"0":{"loc":{"start":{"line":29,"column":2},"end":{"line":29,"column":null}},"type":"if","locations":[{"start":{"line":29,"column":2},"end":{"line":29,"column":null}},{"start":{},"end":{}}],"line":29},"1":{"loc":{"start":{"line":30,"column":2},"end":{"line":36,"column":null}},"type":"if","locations":[{"start":{"line":30,"column":2},"end":{"line":36,"column":null}},{"start":{},"end":{}}],"line":30},"2":{"loc":{"start":{"line":35,"column":4},"end":{"line":35,"column":null}},"type":"if","locations":[{"start":{"line":35,"column":4},"end":{"line":35,"column":null}},{"start":{},"end":{}}],"line":35}},"s":{"0":5,"1":5,"2":110,"3":79,"4":31,"5":31,"6":31,"7":31,"8":31,"9":31,"10":7,"11":24,"12":3},"f":{"0":110,"1":3},"b":{"0":[79,31],"1":[31,0],"2":[7,24]},"meta":{"lastBranch":3,"lastFunction":2,"lastStatement":13,"seen":{"s:24:42:24:Infinity":0,"s:26:43:26:Infinity":1,"f:28:16:28:30":0,"b:29:2:29:Infinity:undefined:undefined:undefined:undefined":0,"s:29:2:29:Infinity":2,"s:29:20:29:Infinity":3,"b:30:2:36:Infinity:undefined:undefined:undefined:undefined":1,"s:30:2:36:Infinity":4,"s:31:18:31:Infinity":5,"s:32:4:32:Infinity":6,"s:33:20:33:Infinity":7,"s:34:4:34:Infinity":8,"b:35:4:35:Infinity:undefined:undefined:undefined:undefined":2,"s:35:4:35:Infinity":9,"s:35:25:35:Infinity":10,"s:37:2:37:Infinity":11,"f:40:16:40:37":1,"s:41:2:41:Infinity":12}}}
,"/tmp/mvp-v3-2e008ac7-03b7-4472-98a5-fee043a6338a-XKb0O3/src/components/BorrowForm.tsx": {"path":"/tmp/mvp-v3-2e008ac7-03b7-4472-98a5-fee043a6338a-XKb0O3/src/components/BorrowForm.tsx","statementMap":{"0":{"start":{"line":9,"column":23},"end":{"line":9,"column":null}},"1":{"start":{"line":10,"column":21},"end":{"line":10,"column":null}},"2":{"start":{"line":11,"column":16},"end":{"line":11,"column":null}},"3":{"start":{"line":12,"column":8},"end":{"line":12,"column":null}},"4":{"start":{"line":15,"column":2},"end":{"line":19,"column":null}},"5":{"start":{"line":16,"column":4},"end":{"line":18,"column":null}},"6":{"start":{"line":17,"column":6},"end":{"line":17,"column":null}},"7":{"start":{"line":21,"column":8},"end":{"line":28,"column":null}},"8":{"start":{"line":22,"column":4},"end":{"line":22,"column":null}},"9":{"start":{"line":23,"column":4},"end":{"line":26,"column":null}},"10":{"start":{"line":24,"column":6},"end":{"line":24,"column":null}},"11":{"start":{"line":25,"column":6},"end":{"line":25,"column":null}},"12":{"start":{"line":27,"column":4},"end":{"line":27,"column":null}},"13":{"start":{"line":30,"column":2},"end":{"line":82,"column":null}},"14":{"start":{"line":42,"column":12},"end":{"line":42,"column":null}},"15":{"start":{"line":43,"column":12},"end":{"line":43,"column":null}},"16":{"start":{"line":61,"column":27},"end":{"line":61,"column":null}}},"fnMap":{"0":{"name":"BorrowForm","decl":{"start":{"line":8,"column":16},"end":{"line":8,"column":27}},"loc":{"start":{"line":8,"column":68},"end":{"line":84,"column":null}},"line":8},"1":{"name":"(anonymous_1)","decl":{"start":{"line":15,"column":2},"end":{"line":15,"column":18}},"loc":{"start":{"line":15,"column":18},"end":{"line":19,"column":5}},"line":15},"2":{"name":"(anonymous_2)","decl":{"start":{"line":21,"column":8},"end":{"line":21,"column":24}},"loc":{"start":{"line":21,"column":41},"end":{"line":28,"column":null}},"line":21},"3":{"name":"(anonymous_3)","decl":{"start":{"line":41,"column":10},"end":{"line":41,"column":21}},"loc":{"start":{"line":41,"column":27},"end":{"line":44,"column":null}},"line":41},"4":{"name":"(anonymous_4)","decl":{"start":{"line":61,"column":10},"end":{"line":61,"column":21}},"loc":{"start":{"line":61,"column":27},"end":{"line":61,"column":null}},"line":61}},"branchMap":{"0":{"loc":{"start":{"line":16,"column":4},"end":{"line":18,"column":null}},"type":"if","locations":[{"start":{"line":16,"column":4},"end":{"line":18,"column":null}},{"start":{},"end":{}}],"line":16},"1":{"loc":{"start":{"line":23,"column":4},"end":{"line":26,"column":null}},"type":"if","locations":[{"start":{"line":23,"column":4},"end":{"line":26,"column":null}},{"start":{},"end":{}}],"line":23},"2":{"loc":{"start":{"line":49,"column":24},"end":{"line":49,"column":null}},"type":"cond-expr","locations":[{"start":{"line":49,"column":32},"end":{"line":49,"column":41}},{"start":{"line":49,"column":41},"end":{"line":49,"column":null}}],"line":49},"3":{"loc":{"start":{"line":50,"column":28},"end":{"line":50,"column":null}},"type":"cond-expr","locations":[{"start":{"line":50,"column":36},"end":{"line":50,"column":53}},{"start":{"line":50,"column":53},"end":{"line":50,"column":null}}],"line":50},"4":{"loc":{"start":{"line":66,"column":7},"end":{"line":66,"column":null}},"type":"binary-expr","locations":[{"start":{"line":66,"column":7},"end":{"line":66,"column":16}},{"start":{"line":66,"column":16},"end":{"line":66,"column":null}}],"line":66}},"s":{"0":9,"1":9,"2":9,"3":9,"4":9,"5":6,"6":6,"7":9,"8":2,"9":2,"10":1,"11":1,"12":1,"13":9,"14":1,"15":1,"16":1},"f":{"0":9,"1":6,"2":2,"3":1,"4":1},"b":{"0":[6,0],"1":[1,1],"2":[1,8],"3":[1,8],"4":[9,1]},"meta":{"lastBranch":5,"lastFunction":5,"lastStatement":17,"seen":{"f:8:16:8:27":0,"s:9:23:9:Infinity":0,"s:10:21:10:Infinity":1,"s:11:16:11:Infinity":2,"s:12:8:12:Infinity":3,"s:15:2:19:Infinity":4,"f:15:2:15:18":1,"b:16:4:18:Infinity:undefined:undefined:undefined:undefined":0,"s:16:4:18:Infinity":5,"s:17:6:17:Infinity":6,"s:21:8:28:Infinity":7,"f:21:8:21:24":2,"s:22:4:22:Infinity":8,"b:23:4:26:Infinity:undefined:undefined:undefined:undefined":1,"s:23:4:26:Infinity":9,"s:24:6:24:Infinity":10,"s:25:6:25:Infinity":11,"s:27:4:27:Infinity":12,"s:30:2:82:Infinity":13,"f:41:10:41:21":3,"s:42:12:42:Infinity":14,"s:43:12:43:Infinity":15,"b:49:32:49:41:49:41:49:Infinity":2,"b:50:36:50:53:50:53:50:Infinity":3,"f:61:10:61:21":4,"s:61:27:61:Infinity":16,"b:66:7:66:16:66:16:66:Infinity":4}}}
,"/tmp/mvp-v3-2e008ac7-03b7-4472-98a5-fee043a6338a-XKb0O3/src/components/Dashboard.tsx": {"path":"/tmp/mvp-v3-2e008ac7-03b7-4472-98a5-fee043a6338a-XKb0O3/src/components/Dashboard.tsx","statementMap":{"0":{"start":{"line":13,"column":8},"end":{"line":24,"column":null}},"1":{"start":{"line":14,"column":20},"end":{"line":14,"column":null}},"2":{"start":{"line":15,"column":15},"end":{"line":15,"column":null}},"3":{"start":{"line":16,"column":18},"end":{"line":16,"column":null}},"4":{"start":{"line":17,"column":4},"end":{"line":22,"column":null}},"5":{"start":{"line":18,"column":12},"end":{"line":18,"column":null}},"6":{"start":{"line":19,"column":6},"end":{"line":21,"column":null}},"7":{"start":{"line":19,"column":34},"end":{"line":19,"column":null}},"8":{"start":{"line":20,"column":11},"end":{"line":21,"column":null}},"9":{"start":{"line":20,"column":34},"end":{"line":20,"column":null}},"10":{"start":{"line":21,"column":11},"end":{"line":21,"column":null}},"11":{"start":{"line":23,"column":4},"end":{"line":23,"column":null}},"12":{"start":{"line":26,"column":16},"end":{"line":26,"column":null}},"13":{"start":{"line":28,"column":2},"end":{"line":85,"column":null}},"14":{"start":{"line":35,"column":23},"end":{"line":35,"column":null}},"15":{"start":{"line":49,"column":23},"end":{"line":49,"column":null}},"16":{"start":{"line":63,"column":23},"end":{"line":63,"column":null}},"17":{"start":{"line":78,"column":25},"end":{"line":78,"column":null}}},"fnMap":{"0":{"name":"Dashboard","decl":{"start":{"line":12,"column":16},"end":{"line":12,"column":26}},"loc":{"start":{"line":12,"column":77},"end":{"line":87,"column":null}},"line":12},"1":{"name":"(anonymous_1)","decl":{"start":{"line":13,"column":17},"end":{"line":13,"column":31}},"loc":{"start":{"line":13,"column":31},"end":{"line":24,"column":5}},"line":13},"2":{"name":"(anonymous_2)","decl":{"start":{"line":35,"column":8},"end":{"line":35,"column":23}},"loc":{"start":{"line":35,"column":23},"end":{"line":35,"column":null}},"line":35},"3":{"name":"(anonymous_3)","decl":{"start":{"line":49,"column":8},"end":{"line":49,"column":23}},"loc":{"start":{"line":49,"column":23},"end":{"line":49,"column":null}},"line":49},"4":{"name":"(anonymous_4)","decl":{"start":{"line":63,"column":8},"end":{"line":63,"column":23}},"loc":{"start":{"line":63,"column":23},"end":{"line":63,"column":null}},"line":63},"5":{"name":"(anonymous_5)","decl":{"start":{"line":78,"column":10},"end":{"line":78,"column":25}},"loc":{"start":{"line":78,"column":25},"end":{"line":78,"column":null}},"line":78}},"branchMap":{"0":{"loc":{"start":{"line":19,"column":6},"end":{"line":21,"column":null}},"type":"if","locations":[{"start":{"line":19,"column":6},"end":{"line":21,"column":null}},{"start":{"line":20,"column":11},"end":{"line":21,"column":null}}],"line":19},"1":{"loc":{"start":{"line":20,"column":11},"end":{"line":21,"column":null}},"type":"if","locations":[{"start":{"line":20,"column":11},"end":{"line":21,"column":null}},{"start":{"line":21,"column":11},"end":{"line":21,"column":null}}],"line":20},"2":{"loc":{"start":{"line":31,"column":17},"end":{"line":31,"column":null}},"type":"cond-expr","locations":[{"start":{"line":31,"column":31},"end":{"line":31,"column":40}},{"start":{"line":31,"column":40},"end":{"line":31,"column":null}}],"line":31},"3":{"loc":{"start":{"line":38,"column":10},"end":{"line":40,"column":null}},"type":"cond-expr","locations":[{"start":{"line":39,"column":14},"end":{"line":39,"column":null}},{"start":{"line":40,"column":14},"end":{"line":40,"column":null}}],"line":38},"4":{"loc":{"start":{"line":52,"column":10},"end":{"line":54,"column":null}},"type":"cond-expr","locations":[{"start":{"line":53,"column":14},"end":{"line":53,"column":null}},{"start":{"line":54,"column":14},"end":{"line":54,"column":null}}],"line":52},"5":{"loc":{"start":{"line":66,"column":10},"end":{"line":68,"column":null}},"type":"cond-expr","locations":[{"start":{"line":67,"column":14},"end":{"line":67,"column":null}},{"start":{"line":68,"column":14},"end":{"line":68,"column":null}}],"line":66},"6":{"loc":{"start":{"line":76,"column":7},"end":{"line":83,"column":null}},"type":"binary-expr","locations":[{"start":{"line":76,"column":7},"end":{"line":76,"column":null}},{"start":{"line":77,"column":8},"end":{"line":83,"column":null}}],"line":76}},"s":{"0":21,"1":18,"2":18,"3":18,"4":18,"5":44,"6":44,"7":25,"8":19,"9":14,"10":5,"11":18,"12":21,"13":21,"14":0,"15":2,"16":1,"17":0},"f":{"0":21,"1":18,"2":0,"3":2,"4":1,"5":0},"b":{"0":[25,19],"1":[14,5],"2":[3,18],"3":[1,20],"4":[1,20],"5":[1,20],"6":[21,3]},"meta":{"lastBranch":7,"lastFunction":6,"lastStatement":18,"seen":{"f:12:16:12:26":0,"s:13:8:24:Infinity":0,"f:13:17:13:31":1,"s:14:20:14:Infinity":1,"s:15:15:15:Infinity":2,"s:16:18:16:Infinity":3,"s:17:4:22:Infinity":4,"s:18:12:18:Infinity":5,"b:19:6:21:Infinity:20:11:21:Infinity":0,"s:19:6:21:Infinity":6,"s:19:34:19:Infinity":7,"b:20:11:21:Infinity:21:11:21:Infinity":1,"s:20:11:21:Infinity":8,"s:20:34:20:Infinity":9,"s:21:11:21:Infinity":10,"s:23:4:23:Infinity":11,"s:26:16:26:Infinity":12,"s:28:2:85:Infinity":13,"b:31:31:31:40:31:40:31:Infinity":2,"f:35:8:35:23":2,"s:35:23:35:Infinity":14,"b:39:14:39:Infinity:40:14:40:Infinity":3,"f:49:8:49:23":3,"s:49:23:49:Infinity":15,"b:53:14:53:Infinity:54:14:54:Infinity":4,"f:63:8:63:23":4,"s:63:23:63:Infinity":16,"b:67:14:67:Infinity:68:14:68:Infinity":5,"b:76:7:76:Infinity:77:8:83:Infinity":6,"f:78:10:78:25":5,"s:78:25:78:Infinity":17}}}
,"/tmp/mvp-v3-2e008ac7-03b7-4472-98a5-fee043a6338a-XKb0O3/src/components/DataManagement.tsx": {"path":"/tmp/mvp-v3-2e008ac7-03b7-4472-98a5-fee043a6338a-XKb0O3/src/components/DataManagement.tsx","statementMap":{"0":{"start":{"line":11,"column":8},"end":{"line":11,"column":null}},"1":{"start":{"line":13,"column":8},"end":{"line":24,"column":null}},"2":{"start":{"line":14,"column":17},"end":{"line":14,"column":null}},"3":{"start":{"line":15,"column":17},"end":{"line":15,"column":null}},"4":{"start":{"line":16,"column":16},"end":{"line":16,"column":null}},"5":{"start":{"line":17,"column":17},"end":{"line":17,"column":null}},"6":{"start":{"line":18,"column":4},"end":{"line":18,"column":null}},"7":{"start":{"line":19,"column":4},"end":{"line":19,"column":null}},"8":{"start":{"line":20,"column":4},"end":{"line":20,"column":null}},"9":{"start":{"line":21,"column":4},"end":{"line":21,"column":null}},"10":{"start":{"line":22,"column":4},"end":{"line":22,"column":null}},"11":{"start":{"line":23,"column":4},"end":{"line":23,"column":null}},"12":{"start":{"line":26,"column":8},"end":{"line":28,"column":null}},"13":{"start":{"line":27,"column":4},"end":{"line":27,"column":null}},"14":{"start":{"line":30,"column":8},"end":{"line":65,"column":null}},"15":{"start":{"line":32,"column":19},"end":{"line":32,"column":null}},"16":{"start":{"line":33,"column":6},"end":{"line":33,"column":null}},"17":{"start":{"line":33,"column":17},"end":{"line":33,"column":null}},"18":{"start":{"line":35,"column":21},"end":{"line":35,"column":null}},"19":{"start":{"line":36,"column":6},"end":{"line":58,"column":null}},"20":{"start":{"line":37,"column":8},"end":{"line":57,"column":null}},"21":{"start":{"line":38,"column":26},"end":{"line":38,"column":null}},"22":{"start":{"line":39,"column":10},"end":{"line":42,"column":null}},"23":{"start":{"line":40,"column":12},"end":{"line":40,"column":null}},"24":{"start":{"line":41,"column":12},"end":{"line":41,"column":null}},"25":{"start":{"line":43,"column":25},"end":{"line":43,"column":null}},"26":{"start":{"line":44,"column":10},"end":{"line":46,"column":null}},"27":{"start":{"line":45,"column":12},"end":{"line":45,"column":null}},"28":{"start":{"line":47,"column":10},"end":{"line":47,"column":null}},"29":{"start":{"line":50,"column":10},"end":{"line":50,"column":null}},"30":{"start":{"line":52,"column":10},"end":{"line":56,"column":null}},"31":{"start":{"line":59,"column":6},"end":{"line":59,"column":null}},"32":{"start":{"line":62,"column":6},"end":{"line":62,"column":null}},"33":{"start":{"line":67,"column":2},"end":{"line":94,"column":null}}},"fnMap":{"0":{"name":"DataManagement","decl":{"start":{"line":10,"column":16},"end":{"line":10,"column":31}},"loc":{"start":{"line":10,"column":73},"end":{"line":96,"column":null}},"line":10},"1":{"name":"(anonymous_1)","decl":{"start":{"line":13,"column":23},"end":{"line":13,"column":41}},"loc":{"start":{"line":13,"column":41},"end":{"line":24,"column":5}},"line":13},"2":{"name":"(anonymous_2)","decl":{"start":{"line":26,"column":28},"end":{"line":26,"column":46}},"loc":{"start":{"line":26,"column":46},"end":{"line":28,"column":5}},"line":26},"3":{"name":"(anonymous_3)","decl":{"start":{"line":30,"column":27},"end":{"line":30,"column":null}},"loc":{"start":{"line":31,"column":48},"end":{"line":63,"column":null}},"line":31},"4":{"name":"(anonymous_4)","decl":{"start":{"line":36,"column":13},"end":{"line":36,"column":23}},"loc":{"start":{"line":36,"column":33},"end":{"line":58,"column":null}},"line":36}},"branchMap":{"0":{"loc":{"start":{"line":33,"column":6},"end":{"line":33,"column":null}},"type":"if","locations":[{"start":{"line":33,"column":6},"end":{"line":33,"column":null}},{"start":{},"end":{}}],"line":33},"1":{"loc":{"start":{"line":39,"column":10},"end":{"line":42,"column":null}},"type":"if","locations":[{"start":{"line":39,"column":10},"end":{"line":42,"column":null}},{"start":{},"end":{}}],"line":39},"2":{"loc":{"start":{"line":44,"column":10},"end":{"line":46,"column":null}},"type":"if","locations":[{"start":{"line":44,"column":10},"end":{"line":46,"column":null}},{"start":{},"end":{}}],"line":44}},"s":{"0":19,"1":19,"2":2,"3":2,"4":2,"5":2,"6":2,"7":2,"8":2,"9":2,"10":2,"11":2,"12":19,"13":1,"14":19,"15":2,"16":2,"17":0,"18":2,"19":2,"20":2,"21":2,"22":2,"23":0,"24":0,"25":2,"26":2,"27":0,"28":1,"29":1,"30":1,"31":2,"32":2,"33":19},"f":{"0":19,"1":2,"2":1,"3":2,"4":2},"b":{"0":[0,2],"1":[0,2],"2":[0,2]},"meta":{"lastBranch":3,"lastFunction":5,"lastStatement":34,"seen":{"f:10:16:10:31":0,"s:11:8:11:Infinity":0,"s:13:8:24:Infinity":1,"f:13:23:13:41":1,"s:14:17:14:Infinity":2,"s:15:17:15:Infinity":3,"s:16:16:16:Infinity":4,"s:17:17:17:Infinity":5,"s:18:4:18:Infinity":6,"s:19:4:19:Infinity":7,"s:20:4:20:Infinity":8,"s:21:4:21:Infinity":9,"s:22:4:22:Infinity":10,"s:23:4:23:Infinity":11,"s:26:8:28:Infinity":12,"f:26:28:26:46":2,"s:27:4:27:Infinity":13,"s:30:8:65:Infinity":14,"f:30:27:30:Infinity":3,"s:32:19:32:Infinity":15,"b:33:6:33:Infinity:undefined:undefined:undefined:undefined":0,"s:33:6:33:Infinity":16,"s:33:17:33:Infinity":17,"s:35:21:35:Infinity":18,"s:36:6:58:Infinity":19,"f:36:13:36:23":4,"s:37:8:57:Infinity":20,"s:38:26:38:Infinity":21,"b:39:10:42:Infinity:undefined:undefined:undefined:undefined":1,"s:39:10:42:Infinity":22,"s:40:12:40:Infinity":23,"s:41:12:41:Infinity":24,"s:43:25:43:Infinity":25,"b:44:10:46:Infinity:undefined:undefined:undefined:undefined":2,"s:44:10:46:Infinity":26,"s:45:12:45:Infinity":27,"s:47:10:47:Infinity":28,"s:50:10:50:Infinity":29,"s:52:10:56:Infinity":30,"s:59:6:59:Infinity":31,"s:62:6:62:Infinity":32,"s:67:2:94:Infinity":33}}}
,"/tmp/mvp-v3-2e008ac7-03b7-4472-98a5-fee043a6338a-XKb0O3/src/components/Icon.tsx": {"path":"/tmp/mvp-v3-2e008ac7-03b7-4472-98a5-fee043a6338a-XKb0O3/src/components/Icon.tsx","statementMap":{"0":{"start":{"line":7,"column":72},"end":{"line":10,"column":null}},"1":{"start":{"line":13,"column":2},"end":{"line":13,"column":null}},"2":{"start":{"line":17,"column":2},"end":{"line":20,"column":null}},"3":{"start":{"line":25,"column":2},"end":{"line":28,"column":null}},"4":{"start":{"line":33,"column":2},"end":{"line":38,"column":null}},"5":{"start":{"line":43,"column":2},"end":{"line":48,"column":null}},"6":{"start":{"line":53,"column":2},"end":{"line":57,"column":null}},"7":{"start":{"line":62,"column":2},"end":{"line":67,"column":null}},"8":{"start":{"line":72,"column":2},"end":{"line":76,"column":null}},"9":{"start":{"line":81,"column":2},"end":{"line":85,"column":null}},"10":{"start":{"line":90,"column":2},"end":{"line":93,"column":null}},"11":{"start":{"line":98,"column":2},"end":{"line":102,"column":null}},"12":{"start":{"line":107,"column":2},"end":{"line":111,"column":null}},"13":{"start":{"line":116,"column":2},"end":{"line":120,"column":null}},"14":{"start":{"line":125,"column":2},"end":{"line":128,"column":null}}},"fnMap":{"0":{"name":"props","decl":{"start":{"line":12,"column":9},"end":{"line":12,"column":15}},"loc":{"start":{"line":12,"column":61},"end":{"line":14,"column":null}},"line":12},"1":{"name":"IconPlus","decl":{"start":{"line":16,"column":16},"end":{"line":16,"column":25}},"loc":{"start":{"line":16,"column":57},"end":{"line":22,"column":null}},"line":16},"2":{"name":"IconX","decl":{"start":{"line":24,"column":16},"end":{"line":24,"column":22}},"loc":{"start":{"line":24,"column":54},"end":{"line":30,"column":null}},"line":24},"3":{"name":"IconDownload","decl":{"start":{"line":32,"column":16},"end":{"line":32,"column":29}},"loc":{"start":{"line":32,"column":61},"end":{"line":40,"column":null}},"line":32},"4":{"name":"IconUpload","decl":{"start":{"line":42,"column":16},"end":{"line":42,"column":27}},"loc":{"start":{"line":42,"column":59},"end":{"line":50,"column":null}},"line":42},"5":{"name":"IconUser","decl":{"start":{"line":52,"column":16},"end":{"line":52,"column":25}},"loc":{"start":{"line":52,"column":57},"end":{"line":59,"column":null}},"line":52},"6":{"name":"IconUsers","decl":{"start":{"line":61,"column":16},"end":{"line":61,"column":26}},"loc":{"start":{"line":61,"column":58},"end":{"line":69,"column":null}},"line":61},"7":{"name":"IconEdit","decl":{"start":{"line":71,"column":16},"end":{"line":71,"column":25}},"loc":{"start":{"line":71,"column":57},"end":{"line":78,"column":null}},"line":71},"8":{"name":"IconTrash","decl":{"start":{"line":80,"column":16},"end":{"line":80,"column":26}},"loc":{"start":{"line":80,"column":58},"end":{"line":87,"column":null}},"line":80},"9":{"name":"IconCheck","decl":{"start":{"line":89,"column":16},"end":{"line":89,"column":26}},"loc":{"start":{"line":89,"column":58},"end":{"line":95,"column":null}},"line":89},"10":{"name":"IconCheckSquare","decl":{"start":{"line":97,"column":16},"end":{"line":97,"column":32}},"loc":{"start":{"line":97,"column":64},"end":{"line":104,"column":null}},"line":97},"11":{"name":"IconAlertCircle","decl":{"start":{"line":106,"column":16},"end":{"line":106,"column":32}},"loc":{"start":{"line":106,"column":64},"end":{"line":113,"column":null}},"line":106},"12":{"name":"IconErrorCircle","decl":{"start":{"line":115,"column":16},"end":{"line":115,"column":32}},"loc":{"start":{"line":115,"column":64},"end":{"line":122,"column":null}},"line":115},"13":{"name":"IconCategory","decl":{"start":{"line":124,"column":16},"end":{"line":124,"column":29}},"loc":{"start":{"line":124,"column":61},"end":{"line":130,"column":null}},"line":124}},"branchMap":{"0":{"loc":{"start":{"line":13,"column":17},"end":{"line":13,"column":44}},"type":"binary-expr","locations":[{"start":{"line":13,"column":17},"end":{"line":13,"column":25}},{"start":{"line":13,"column":25},"end":{"line":13,"column":44}}],"line":13},"1":{"loc":{"start":{"line":18,"column":16},"end":{"line":18,"column":28}},"type":"binary-expr","locations":[{"start":{"line":18,"column":16},"end":{"line":18,"column":24}},{"start":{"line":18,"column":24},"end":{"line":18,"column":28}}],"line":18},"2":{"loc":{"start":{"line":18,"column":36},"end":{"line":18,"column":48}},"type":"binary-expr","locations":[{"start":{"line":18,"column":36},"end":{"line":18,"column":44}},{"start":{"line":18,"column":44},"end":{"line":18,"column":48}}],"line":18},"3":{"loc":{"start":{"line":26,"column":16},"end":{"line":26,"column":28}},"type":"binary-expr","locations":[{"start":{"line":26,"column":16},"end":{"line":26,"column":24}},{"start":{"line":26,"column":24},"end":{"line":26,"column":28}}],"line":26},"4":{"loc":{"start":{"line":26,"column":36},"end":{"line":26,"column":48}},"type":"binary-expr","locations":[{"start":{"line":26,"column":36},"end":{"line":26,"column":44}},{"start":{"line":26,"column":44},"end":{"line":26,"column":48}}],"line":26}},"s":{"0":6,"1":227,"2":13,"3":11,"4":19,"5":19,"6":9,"7":35,"8":44,"9":40,"10":5,"11":9,"12":0,"13":1,"14":46},"f":{"0":227,"1":13,"2":11,"3":19,"4":19,"5":9,"6":35,"7":44,"8":40,"9":5,"10":9,"11":0,"12":1,"13":46},"b":{"0":[227,0],"1":[13,0],"2":[13,0],"3":[11,0],"4":[11,0]},"meta":{"lastBranch":5,"lastFunction":14,"lastStatement":15,"seen":{"s:7:72:10:Infinity":0,"f:12:9:12:15":0,"s:13:2:13:Infinity":1,"b:13:17:13:25:13:25:13:44":0,"f:16:16:16:25":1,"s:17:2:20:Infinity":2,"b:18:16:18:24:18:24:18:28":1,"b:18:36:18:44:18:44:18:48":2,"f:24:16:24:22":2,"s:25:2:28:Infinity":3,"b:26:16:26:24:26:24:26:28":3,"b:26:36:26:44:26:44:26:48":4,"f:32:16:32:29":3,"s:33:2:38:Infinity":4,"f:42:16:42:27":4,"s:43:2:48:Infinity":5,"f:52:16:52:25":5,"s:53:2:57:Infinity":6,"f:61:16:61:26":6,"s:62:2:67:Infinity":7,"f:71:16:71:25":7,"s:72:2:76:Infinity":8,"f:80:16:80:26":8,"s:81:2:85:Infinity":9,"f:89:16:89:26":9,"s:90:2:93:Infinity":10,"f:97:16:97:32":10,"s:98:2:102:Infinity":11,"f:106:16:106:32":11,"s:107:2:111:Infinity":12,"f:115:16:115:32":12,"s:116:2:120:Infinity":13,"f:124:16:124:29":13,"s:125:2:128:Infinity":14}}}
,"/tmp/mvp-v3-2e008ac7-03b7-4472-98a5-fee043a6338a-XKb0O3/src/components/ItemCard.tsx": {"path":"/tmp/mvp-v3-2e008ac7-03b7-4472-98a5-fee043a6338a-XKb0O3/src/components/ItemCard.tsx","statementMap":{"0":{"start":{"line":16,"column":15},"end":{"line":16,"column":null}},"1":{"start":{"line":17,"column":2},"end":{"line":17,"column":null}},"2":{"start":{"line":20,"column":13},"end":{"line":328,"column":null}},"3":{"start":{"line":21,"column":25},"end":{"line":21,"column":null}},"4":{"start":{"line":22,"column":20},"end":{"line":22,"column":null}},"5":{"start":{"line":23,"column":24},"end":{"line":23,"column":null}},"6":{"start":{"line":24,"column":19},"end":{"line":24,"column":null}},"7":{"start":{"line":25,"column":23},"end":{"line":25,"column":null}},"8":{"start":{"line":26,"column":24},"end":{"line":26,"column":null}},"9":{"start":{"line":27,"column":20},"end":{"line":27,"column":null}},"10":{"start":{"line":28,"column":20},"end":{"line":28,"column":null}},"11":{"start":{"line":29,"column":8},"end":{"line":29,"column":null}},"12":{"start":{"line":30,"column":8},"end":{"line":30,"column":null}},"13":{"start":{"line":33,"column":2},"end":{"line":38,"column":null}},"14":{"start":{"line":34,"column":4},"end":{"line":34,"column":null}},"15":{"start":{"line":35,"column":4},"end":{"line":35,"column":null}},"16":{"start":{"line":36,"column":4},"end":{"line":36,"column":null}},"17":{"start":{"line":37,"column":4},"end":{"line":37,"column":null}},"18":{"start":{"line":41,"column":2},"end":{"line":45,"column":null}},"19":{"start":{"line":42,"column":4},"end":{"line":44,"column":null}},"20":{"start":{"line":43,"column":6},"end":{"line":43,"column":null}},"21":{"start":{"line":48,"column":2},"end":{"line":53,"column":null}},"22":{"start":{"line":49,"column":4},"end":{"line":52,"column":null}},"23":{"start":{"line":50,"column":26},"end":{"line":50,"column":null}},"24":{"start":{"line":51,"column":6},"end":{"line":51,"column":null}},"25":{"start":{"line":55,"column":8},"end":{"line":55,"column":null}},"26":{"start":{"line":57,"column":8},"end":{"line":60,"column":null}},"27":{"start":{"line":58,"column":4},"end":{"line":58,"column":null}},"28":{"start":{"line":59,"column":4},"end":{"line":59,"column":null}},"29":{"start":{"line":62,"column":8},"end":{"line":76,"column":null}},"30":{"start":{"line":63,"column":4},"end":{"line":63,"column":null}},"31":{"start":{"line":64,"column":4},"end":{"line":67,"column":null}},"32":{"start":{"line":65,"column":6},"end":{"line":65,"column":null}},"33":{"start":{"line":66,"column":6},"end":{"line":66,"column":null}},"34":{"start":{"line":68,"column":4},"end":{"line":73,"column":null}},"35":{"start":{"line":74,"column":4},"end":{"line":74,"column":null}},"36":{"start":{"line":75,"column":4},"end":{"line":75,"column":null}},"37":{"start":{"line":78,"column":8},"end":{"line":85,"column":null}},"38":{"start":{"line":79,"column":4},"end":{"line":79,"column":null}},"39":{"start":{"line":80,"column":4},"end":{"line":80,"column":null}},"40":{"start":{"line":81,"column":4},"end":{"line":81,"column":null}},"41":{"start":{"line":82,"column":4},"end":{"line":82,"column":null}},"42":{"start":{"line":83,"column":4},"end":{"line":83,"column":null}},"43":{"start":{"line":84,"column":4},"end":{"line":84,"column":null}},"44":{"start":{"line":87,"column":8},"end":{"line":91,"column":null}},"45":{"start":{"line":88,"column":4},"end":{"line":90,"column":null}},"46":{"start":{"line":89,"column":6},"end":{"line":89,"column":null}},"47":{"start":{"line":93,"column":8},"end":{"line":95,"column":null}},"48":{"start":{"line":94,"column":4},"end":{"line":94,"column":null}},"49":{"start":{"line":97,"column":8},"end":{"line":99,"column":null}},"50":{"start":{"line":98,"column":4},"end":{"line":98,"column":null}},"51":{"start":{"line":101,"column":8},"end":{"line":103,"column":null}},"52":{"start":{"line":102,"column":4},"end":{"line":102,"column":null}},"53":{"start":{"line":105,"column":8},"end":{"line":109,"column":null}},"54":{"start":{"line":106,"column":4},"end":{"line":108,"column":null}},"55":{"start":{"line":107,"column":6},"end":{"line":107,"column":null}},"56":{"start":{"line":111,"column":8},"end":{"line":115,"column":null}},"57":{"start":{"line":112,"column":4},"end":{"line":114,"column":null}},"58":{"start":{"line":113,"column":6},"end":{"line":113,"column":null}},"59":{"start":{"line":117,"column":8},"end":{"line":140,"column":null}},"60":{"start":{"line":118,"column":4},"end":{"line":125,"column":null}},"61":{"start":{"line":119,"column":6},"end":{"line":123,"column":null}},"62":{"start":{"line":126,"column":4},"end":{"line":133,"column":null}},"63":{"start":{"line":127,"column":6},"end":{"line":131,"column":null}},"64":{"start":{"line":134,"column":4},"end":{"line":138,"column":null}},"65":{"start":{"line":142,"column":2},"end":{"line":219,"column":null}},"66":{"start":{"line":143,"column":4},"end":{"line":217,"column":null}},"67":{"start":{"line":154,"column":16},"end":{"line":154,"column":null}},"68":{"start":{"line":155,"column":16},"end":{"line":155,"column":null}},"69":{"start":{"line":169,"column":33},"end":{"line":169,"column":null}},"70":{"start":{"line":173,"column":18},"end":{"line":173,"column":null}},"71":{"start":{"line":182,"column":33},"end":{"line":182,"column":null}},"72":{"start":{"line":186,"column":18},"end":{"line":186,"column":null}},"73":{"start":{"line":196,"column":31},"end":{"line":196,"column":null}},"74":{"start":{"line":221,"column":2},"end":{"line":326,"column":null}},"75":{"start":{"line":258,"column":62},"end":{"line":258,"column":89}},"76":{"start":{"line":264,"column":29},"end":{"line":264,"column":null}},"77":{"start":{"line":274,"column":29},"end":{"line":274,"column":null}},"78":{"start":{"line":283,"column":27},"end":{"line":283,"column":null}}},"fnMap":{"0":{"name":"formatDate","decl":{"start":{"line":15,"column":9},"end":{"line":15,"column":20}},"loc":{"start":{"line":15,"column":45},"end":{"line":18,"column":null}},"line":15},"1":{"name":"ItemCard","decl":{"start":{"line":20,"column":38},"end":{"line":20,"column":47}},"loc":{"start":{"line":20,"column":112},"end":{"line":328,"column":1}},"line":20},"2":{"name":"(anonymous_2)","decl":{"start":{"line":33,"column":2},"end":{"line":33,"column":18}},"loc":{"start":{"line":33,"column":18},"end":{"line":38,"column":5}},"line":33},"3":{"name":"(anonymous_3)","decl":{"start":{"line":41,"column":2},"end":{"line":41,"column":18}},"loc":{"start":{"line":41,"column":18},"end":{"line":45,"column":5}},"line":41},"4":{"name":"(anonymous_4)","decl":{"start":{"line":48,"column":2},"end":{"line":48,"column":18}},"loc":{"start":{"line":48,"column":18},"end":{"line":53,"column":5}},"line":48},"5":{"name":"(anonymous_5)","decl":{"start":{"line":57,"column":8},"end":{"line":57,"column":24}},"loc":{"start":{"line":57,"column":79},"end":{"line":60,"column":null}},"line":57},"6":{"name":"(anonymous_6)","decl":{"start":{"line":62,"column":8},"end":{"line":62,"column":28}},"loc":{"start":{"line":62,"column":45},"end":{"line":76,"column":null}},"line":62},"7":{"name":"(anonymous_7)","decl":{"start":{"line":78,"column":8},"end":{"line":78,"column":33}},"loc":{"start":{"line":78,"column":33},"end":{"line":85,"column":null}},"line":78},"8":{"name":"(anonymous_8)","decl":{"start":{"line":87,"column":8},"end":{"line":87,"column":29}},"loc":{"start":{"line":87,"column":50},"end":{"line":91,"column":null}},"line":87},"9":{"name":"(anonymous_9)","decl":{"start":{"line":93,"column":8},"end":{"line":93,"column":34}},"loc":{"start":{"line":93,"column":34},"end":{"line":95,"column":null}},"line":93},"10":{"name":"(anonymous_10)","decl":{"start":{"line":97,"column":8},"end":{"line":97,"column":36}},"loc":{"start":{"line":97,"column":36},"end":{"line":99,"column":null}},"line":97},"11":{"name":"(anonymous_11)","decl":{"start":{"line":101,"column":8},"end":{"line":101,"column":35}},"loc":{"start":{"line":101,"column":35},"end":{"line":103,"column":null}},"line":101},"12":{"name":"(anonymous_12)","decl":{"start":{"line":105,"column":8},"end":{"line":105,"column":31}},"loc":{"start":{"line":105,"column":52},"end":{"line":109,"column":null}},"line":105},"13":{"name":"(anonymous_13)","decl":{"start":{"line":111,"column":8},"end":{"line":111,"column":31}},"loc":{"start":{"line":111,"column":52},"end":{"line":115,"column":null}},"line":111},"14":{"name":"(anonymous_14)","decl":{"start":{"line":117,"column":8},"end":{"line":117,"column":28}},"loc":{"start":{"line":117,"column":28},"end":{"line":140,"column":null}},"line":117},"15":{"name":"(anonymous_15)","decl":{"start":{"line":153,"column":14},"end":{"line":153,"column":25}},"loc":{"start":{"line":153,"column":31},"end":{"line":156,"column":null}},"line":153},"16":{"name":"(anonymous_16)","decl":{"start":{"line":169,"column":16},"end":{"line":169,"column":27}},"loc":{"start":{"line":169,"column":33},"end":{"line":169,"column":null}},"line":169},"17":{"name":"(anonymous_17)","decl":{"start":{"line":172,"column":28},"end":{"line":172,"column":33}},"loc":{"start":{"line":173,"column":18},"end":{"line":173,"column":null}},"line":173},"18":{"name":"(anonymous_18)","decl":{"start":{"line":182,"column":16},"end":{"line":182,"column":27}},"loc":{"start":{"line":182,"column":33},"end":{"line":182,"column":null}},"line":182},"19":{"name":"(anonymous_19)","decl":{"start":{"line":185,"column":28},"end":{"line":185,"column":33}},"loc":{"start":{"line":186,"column":18},"end":{"line":186,"column":null}},"line":186},"20":{"name":"(anonymous_20)","decl":{"start":{"line":196,"column":14},"end":{"line":196,"column":25}},"loc":{"start":{"line":196,"column":31},"end":{"line":196,"column":null}},"line":196},"21":{"name":"(anonymous_21)","decl":{"start":{"line":258,"column":46},"end":{"line":258,"column":62}},"loc":{"start":{"line":258,"column":62},"end":{"line":258,"column":89}},"line":258},"22":{"name":"(anonymous_22)","decl":{"start":{"line":264,"column":14},"end":{"line":264,"column":29}},"loc":{"start":{"line":264,"column":29},"end":{"line":264,"column":null}},"line":264},"23":{"name":"(anonymous_23)","decl":{"start":{"line":274,"column":14},"end":{"line":274,"column":29}},"loc":{"start":{"line":274,"column":29},"end":{"line":274,"column":null}},"line":274},"24":{"name":"(anonymous_24)","decl":{"start":{"line":283,"column":12},"end":{"line":283,"column":27}},"loc":{"start":{"line":283,"column":27},"end":{"line":283,"column":null}},"line":283}},"branchMap":{"0":{"loc":{"start":{"line":42,"column":4},"end":{"line":44,"column":null}},"type":"if","locations":[{"start":{"line":42,"column":4},"end":{"line":44,"column":null}},{"start":{},"end":{}}],"line":42},"1":{"loc":{"start":{"line":42,"column":8},"end":{"line":42,"column":42}},"type":"binary-expr","locations":[{"start":{"line":42,"column":8},"end":{"line":42,"column":21}},{"start":{"line":42,"column":21},"end":{"line":42,"column":42}}],"line":42},"2":{"loc":{"start":{"line":49,"column":4},"end":{"line":52,"column":null}},"type":"if","locations":[{"start":{"line":49,"column":4},"end":{"line":52,"column":null}},{"start":{},"end":{}}],"line":49},"3":{"loc":{"start":{"line":49,"column":8},"end":{"line":49,"column":51}},"type":"binary-expr","locations":[{"start":{"line":49,"column":8},"end":{"line":49,"column":25}},{"start":{"line":49,"column":25},"end":{"line":49,"column":51}}],"line":49},"4":{"loc":{"start":{"line":64,"column":4},"end":{"line":67,"column":null}},"type":"if","locations":[{"start":{"line":64,"column":4},"end":{"line":67,"column":null}},{"start":{},"end":{}}],"line":64},"5":{"loc":{"start":{"line":88,"column":4},"end":{"line":90,"column":null}},"type":"if","locations":[{"start":{"line":88,"column":4},"end":{"line":90,"column":null}},{"start":{},"end":{}}],"line":88},"6":{"loc":{"start":{"line":106,"column":4},"end":{"line":108,"column":null}},"type":"if","locations":[{"start":{"line":106,"column":4},"end":{"line":108,"column":null}},{"start":{},"end":{}}],"line":106},"7":{"loc":{"start":{"line":112,"column":4},"end":{"line":114,"column":null}},"type":"if","locations":[{"start":{"line":112,"column":4},"end":{"line":114,"column":null}},{"start":{},"end":{}}],"line":112},"8":{"loc":{"start":{"line":118,"column":4},"end":{"line":125,"column":null}},"type":"if","locations":[{"start":{"line":118,"column":4},"end":{"line":125,"column":null}},{"start":{},"end":{}}],"line":118},"9":{"loc":{"start":{"line":126,"column":4},"end":{"line":133,"column":null}},"type":"if","locations":[{"start":{"line":126,"column":4},"end":{"line":133,"column":null}},{"start":{},"end":{}}],"line":126},"10":{"loc":{"start":{"line":142,"column":2},"end":{"line":219,"column":null}},"type":"if","locations":[{"start":{"line":142,"column":2},"end":{"line":219,"column":null}},{"start":{},"end":{}}],"line":142},"11":{"loc":{"start":{"line":157,"column":28},"end":{"line":157,"column":null}},"type":"cond-expr","locations":[{"start":{"line":157,"column":40},"end":{"line":157,"column":49}},{"start":{"line":157,"column":49},"end":{"line":157,"column":null}}],"line":157},"12":{"loc":{"start":{"line":158,"column":32},"end":{"line":158,"column":null}},"type":"cond-expr","locations":[{"start":{"line":158,"column":44},"end":{"line":158,"column":70}},{"start":{"line":158,"column":70},"end":{"line":158,"column":null}}],"line":158},"13":{"loc":{"start":{"line":161,"column":13},"end":{"line":161,"column":null}},"type":"binary-expr","locations":[{"start":{"line":161,"column":13},"end":{"line":161,"column":26}},{"start":{"line":161,"column":26},"end":{"line":161,"column":null}}],"line":161},"14":{"loc":{"start":{"line":234,"column":11},"end":{"line":234,"column":null}},"type":"binary-expr","locations":[{"start":{"line":234,"column":11},"end":{"line":234,"column":25}},{"start":{"line":234,"column":25},"end":{"line":234,"column":null}}],"line":234},"15":{"loc":{"start":{"line":239,"column":7},"end":{"line":253,"column":null}},"type":"binary-expr","locations":[{"start":{"line":239,"column":7},"end":{"line":239,"column":null}},{"start":{"line":240,"column":8},"end":{"line":253,"column":null}}],"line":239},"16":{"loc":{"start":{"line":245,"column":11},"end":{"line":251,"column":null}},"type":"binary-expr","locations":[{"start":{"line":245,"column":11},"end":{"line":245,"column":null}},{"start":{"line":246,"column":12},"end":{"line":251,"column":null}}],"line":245},"17":{"loc":{"start":{"line":248,"column":42},"end":{"line":248,"column":118}},"type":"cond-expr","locations":[{"start":{"line":248,"column":65},"end":{"line":248,"column":94}},{"start":{"line":248,"column":94},"end":{"line":248,"column":118}}],"line":248},"18":{"loc":{"start":{"line":256,"column":7},"end":{"line":324,"column":null}},"type":"cond-expr","locations":[{"start":{"line":257,"column":8},"end":{"line":261,"column":9}},{"start":{"line":261,"column":8},"end":{"line":324,"column":null}}],"line":256},"19":{"loc":{"start":{"line":262,"column":11},"end":{"line":270,"column":null}},"type":"binary-expr","locations":[{"start":{"line":262,"column":11},"end":{"line":262,"column":null}},{"start":{"line":263,"column":12},"end":{"line":270,"column":null}}],"line":262},"20":{"loc":{"start":{"line":272,"column":11},"end":{"line":280,"column":null}},"type":"binary-expr","locations":[{"start":{"line":272,"column":11},"end":{"line":272,"column":null}},{"start":{"line":273,"column":12},"end":{"line":280,"column":null}}],"line":272},"21":{"loc":{"start":{"line":290,"column":11},"end":{"line":322,"column":null}},"type":"cond-expr","locations":[{"start":{"line":291,"column":12},"end":{"line":315,"column":13}},{"start":{"line":315,"column":12},"end":{"line":322,"column":null}}],"line":290}},"s":{"0":9,"1":9,"2":3,"3":60,"4":60,"5":60,"6":60,"7":60,"8":60,"9":60,"10":60,"11":60,"12":60,"13":60,"14":36,"15":36,"16":36,"17":36,"18":60,"19":40,"20":3,"21":60,"22":42,"23":4,"24":4,"25":60,"26":60,"27":0,"28":0,"29":60,"30":1,"31":1,"32":1,"33":1,"34":0,"35":0,"36":0,"37":60,"38":1,"39":1,"40":1,"41":1,"42":1,"43":1,"44":60,"45":1,"46":1,"47":60,"48":4,"49":60,"50":1,"51":60,"52":1,"53":60,"54":1,"55":1,"56":60,"57":1,"58":1,"59":60,"60":52,"61":43,"62":9,"63":1,"64":8,"65":60,"66":8,"67":1,"68":1,"69":0,"70":32,"71":0,"72":32,"73":0,"74":52,"75":0,"76":2,"77":1,"78":3},"f":{"0":9,"1":60,"2":36,"3":40,"4":42,"5":0,"6":1,"7":1,"8":1,"9":4,"10":1,"11":1,"12":1,"13":1,"14":52,"15":1,"16":0,"17":32,"18":0,"19":32,"20":0,"21":0,"22":2,"23":1,"24":3},"b":{"0":[3,37],"1":[40,3],"2":[4,38],"3":[42,4],"4":[1,0],"5":[1,0],"6":[1,0],"7":[1,0],"8":[43,9],"9":[1,8],"10":[8,52],"11":[1,7],"12":[1,7],"13":[8,1],"14":[52,28],"15":[60,9],"16":[9,9],"17":[1,8],"18":[4,48],"19":[48,39],"20":[48,9],"21":[8,40]},"meta":{"lastBranch":22,"lastFunction":25,"lastStatement":79,"seen":{"f:15:9:15:20":0,"s:16:15:16:Infinity":0,"s:17:2:17:Infinity":1,"s:20:13:328:Infinity":2,"f:20:38:20:47":1,"s:21:25:21:Infinity":3,"s:22:20:22:Infinity":4,"s:23:24:23:Infinity":5,"s:24:19:24:Infinity":6,"s:25:23:25:Infinity":7,"s:26:24:26:Infinity":8,"s:27:20:27:Infinity":9,"s:28:20:28:Infinity":10,"s:29:8:29:Infinity":11,"s:30:8:30:Infinity":12,"s:33:2:38:Infinity":13,"f:33:2:33:18":2,"s:34:4:34:Infinity":14,"s:35:4:35:Infinity":15,"s:36:4:36:Infinity":16,"s:37:4:37:Infinity":17,"s:41:2:45:Infinity":18,"f:41:2:41:18":3,"b:42:4:44:Infinity:undefined:undefined:undefined:undefined":0,"s:42:4:44:Infinity":19,"b:42:8:42:21:42:21:42:42":1,"s:43:6:43:Infinity":20,"s:48:2:53:Infinity":21,"f:48:2:48:18":4,"b:49:4:52:Infinity:undefined:undefined:undefined:undefined":2,"s:49:4:52:Infinity":22,"b:49:8:49:25:49:25:49:51":3,"s:50:26:50:Infinity":23,"s:51:6:51:Infinity":24,"s:55:8:55:Infinity":25,"s:57:8:60:Infinity":26,"f:57:8:57:24":5,"s:58:4:58:Infinity":27,"s:59:4:59:Infinity":28,"s:62:8:76:Infinity":29,"f:62:8:62:28":6,"s:63:4:63:Infinity":30,"b:64:4:67:Infinity:undefined:undefined:undefined:undefined":4,"s:64:4:67:Infinity":31,"s:65:6:65:Infinity":32,"s:66:6:66:Infinity":33,"s:68:4:73:Infinity":34,"s:74:4:74:Infinity":35,"s:75:4:75:Infinity":36,"s:78:8:85:Infinity":37,"f:78:8:78:33":7,"s:79:4:79:Infinity":38,"s:80:4:80:Infinity":39,"s:81:4:81:Infinity":40,"s:82:4:82:Infinity":41,"s:83:4:83:Infinity":42,"s:84:4:84:Infinity":43,"s:87:8:91:Infinity":44,"f:87:8:87:29":8,"b:88:4:90:Infinity:undefined:undefined:undefined:undefined":5,"s:88:4:90:Infinity":45,"s:89:6:89:Infinity":46,"s:93:8:95:Infinity":47,"f:93:8:93:34":9,"s:94:4:94:Infinity":48,"s:97:8:99:Infinity":49,"f:97:8:97:36":10,"s:98:4:98:Infinity":50,"s:101:8:103:Infinity":51,"f:101:8:101:35":11,"s:102:4:102:Infinity":52,"s:105:8:109:Infinity":53,"f:105:8:105:31":12,"b:106:4:108:Infinity:undefined:undefined:undefined:undefined":6,"s:106:4:108:Infinity":54,"s:107:6:107:Infinity":55,"s:111:8:115:Infinity":56,"f:111:8:111:31":13,"b:112:4:114:Infinity:undefined:undefined:undefined:undefined":7,"s:112:4:114:Infinity":57,"s:113:6:113:Infinity":58,"s:117:8:140:Infinity":59,"f:117:8:117:28":14,"b:118:4:125:Infinity:undefined:undefined:undefined:undefined":8,"s:118:4:125:Infinity":60,"s:119:6:123:Infinity":61,"b:126:4:133:Infinity:undefined:undefined:undefined:undefined":9,"s:126:4:133:Infinity":62,"s:127:6:131:Infinity":63,"s:134:4:138:Infinity":64,"b:142:2:219:Infinity:undefined:undefined:undefined:undefined":10,"s:142:2:219:Infinity":65,"s:143:4:217:Infinity":66,"f:153:14:153:25":15,"s:154:16:154:Infinity":67,"s:155:16:155:Infinity":68,"b:157:40:157:49:157:49:157:Infinity":11,"b:158:44:158:70:158:70:158:Infinity":12,"b:161:13:161:26:161:26:161:Infinity":13,"f:169:16:169:27":16,"s:169:33:169:Infinity":69,"f:172:28:172:33":17,"s:173:18:173:Infinity":70,"f:182:16:182:27":18,"s:182:33:182:Infinity":71,"f:185:28:185:33":19,"s:186:18:186:Infinity":72,"f:196:14:196:25":20,"s:196:31:196:Infinity":73,"s:221:2:326:Infinity":74,"b:234:11:234:25:234:25:234:Infinity":14,"b:239:7:239:Infinity:240:8:253:Infinity":15,"b:245:11:245:Infinity:246:12:251:Infinity":16,"b:248:65:248:94:248:94:248:118":17,"b:257:8:261:9:261:8:324:Infinity":18,"f:258:46:258:62":21,"s:258:62:258:89":75,"b:262:11:262:Infinity:263:12:270:Infinity":19,"f:264:14:264:29":22,"s:264:29:264:Infinity":76,"b:272:11:272:Infinity:273:12:280:Infinity":20,"f:274:14:274:29":23,"s:274:29:274:Infinity":77,"f:283:12:283:27":24,"s:283:27:283:Infinity":78,"b:291:12:315:13:315:12:322:Infinity":21}}}
,"/tmp/mvp-v3-2e008ac7-03b7-4472-98a5-fee043a6338a-XKb0O3/src/components/ItemForm.tsx": {"path":"/tmp/mvp-v3-2e008ac7-03b7-4472-98a5-fee043a6338a-XKb0O3/src/components/ItemForm.tsx","statementMap":{"0":{"start":{"line":11,"column":15},"end":{"line":11,"column":null}},"1":{"start":{"line":12,"column":19},"end":{"line":12,"column":null}},"2":{"start":{"line":13,"column":20},"end":{"line":13,"column":null}},"3":{"start":{"line":14,"column":16},"end":{"line":14,"column":null}},"4":{"start":{"line":15,"column":16},"end":{"line":15,"column":null}},"5":{"start":{"line":16,"column":8},"end":{"line":16,"column":null}},"6":{"start":{"line":19,"column":2},"end":{"line":23,"column":null}},"7":{"start":{"line":20,"column":4},"end":{"line":22,"column":null}},"8":{"start":{"line":21,"column":6},"end":{"line":21,"column":null}},"9":{"start":{"line":25,"column":8},"end":{"line":42,"column":null}},"10":{"start":{"line":26,"column":4},"end":{"line":26,"column":null}},"11":{"start":{"line":27,"column":4},"end":{"line":30,"column":null}},"12":{"start":{"line":28,"column":6},"end":{"line":28,"column":null}},"13":{"start":{"line":29,"column":6},"end":{"line":29,"column":null}},"14":{"start":{"line":31,"column":4},"end":{"line":38,"column":null}},"15":{"start":{"line":39,"column":4},"end":{"line":39,"column":null}},"16":{"start":{"line":40,"column":4},"end":{"line":40,"column":null}},"17":{"start":{"line":41,"column":4},"end":{"line":41,"column":null}},"18":{"start":{"line":44,"column":2},"end":{"line":136,"column":null}},"19":{"start":{"line":58,"column":12},"end":{"line":58,"column":null}},"20":{"start":{"line":59,"column":12},"end":{"line":59,"column":null}},"21":{"start":{"line":79,"column":29},"end":{"line":79,"column":null}},"22":{"start":{"line":84,"column":14},"end":{"line":84,"column":null}},"23":{"start":{"line":95,"column":29},"end":{"line":95,"column":null}},"24":{"start":{"line":100,"column":14},"end":{"line":100,"column":null}},"25":{"start":{"line":113,"column":27},"end":{"line":113,"column":null}}},"fnMap":{"0":{"name":"ItemForm","decl":{"start":{"line":10,"column":16},"end":{"line":10,"column":25}},"loc":{"start":{"line":10,"column":61},"end":{"line":138,"column":null}},"line":10},"1":{"name":"(anonymous_1)","decl":{"start":{"line":19,"column":2},"end":{"line":19,"column":18}},"loc":{"start":{"line":19,"column":18},"end":{"line":23,"column":5}},"line":19},"2":{"name":"(anonymous_2)","decl":{"start":{"line":25,"column":8},"end":{"line":25,"column":24}},"loc":{"start":{"line":25,"column":41},"end":{"line":42,"column":null}},"line":25},"3":{"name":"(anonymous_3)","decl":{"start":{"line":57,"column":10},"end":{"line":57,"column":21}},"loc":{"start":{"line":57,"column":27},"end":{"line":60,"column":null}},"line":57},"4":{"name":"(anonymous_4)","decl":{"start":{"line":79,"column":12},"end":{"line":79,"column":23}},"loc":{"start":{"line":79,"column":29},"end":{"line":79,"column":null}},"line":79},"5":{"name":"(anonymous_5)","decl":{"start":{"line":83,"column":24},"end":{"line":83,"column":29}},"loc":{"start":{"line":84,"column":14},"end":{"line":84,"column":null}},"line":84},"6":{"name":"(anonymous_6)","decl":{"start":{"line":95,"column":12},"end":{"line":95,"column":23}},"loc":{"start":{"line":95,"column":29},"end":{"line":95,"column":null}},"line":95},"7":{"name":"(anonymous_7)","decl":{"start":{"line":99,"column":24},"end":{"line":99,"column":29}},"loc":{"start":{"line":100,"column":14},"end":{"line":100,"column":null}},"line":100},"8":{"name":"(anonymous_8)","decl":{"start":{"line":113,"column":10},"end":{"line":113,"column":21}},"loc":{"start":{"line":113,"column":27},"end":{"line":113,"column":null}},"line":113}},"branchMap":{"0":{"loc":{"start":{"line":20,"column":4},"end":{"line":22,"column":null}},"type":"if","locations":[{"start":{"line":20,"column":4},"end":{"line":22,"column":null}},{"start":{},"end":{}}],"line":20},"1":{"loc":{"start":{"line":27,"column":4},"end":{"line":30,"column":null}},"type":"if","locations":[{"start":{"line":27,"column":4},"end":{"line":30,"column":null}},{"start":{},"end":{}}],"line":27},"2":{"loc":{"start":{"line":65,"column":24},"end":{"line":65,"column":null}},"type":"cond-expr","locations":[{"start":{"line":65,"column":32},"end":{"line":65,"column":41}},{"start":{"line":65,"column":41},"end":{"line":65,"column":null}}],"line":65},"3":{"loc":{"start":{"line":66,"column":28},"end":{"line":66,"column":null}},"type":"cond-expr","locations":[{"start":{"line":66,"column":36},"end":{"line":66,"column":56}},{"start":{"line":66,"column":56},"end":{"line":66,"column":null}}],"line":66},"4":{"loc":{"start":{"line":68,"column":9},"end":{"line":68,"column":null}},"type":"binary-expr","locations":[{"start":{"line":68,"column":9},"end":{"line":68,"column":18}},{"start":{"line":68,"column":18},"end":{"line":68,"column":null}}],"line":68}},"s":{"0":13,"1":13,"2":13,"3":13,"4":13,"5":13,"6":13,"7":5,"8":5,"9":13,"10":4,"11":4,"12":1,"13":1,"14":3,"15":3,"16":3,"17":3,"18":13,"19":3,"20":3,"21":1,"22":52,"23":1,"24":52,"25":1},"f":{"0":13,"1":5,"2":4,"3":3,"4":1,"5":52,"6":1,"7":52,"8":1},"b":{"0":[5,0],"1":[1,3],"2":[1,12],"3":[1,12],"4":[13,1]},"meta":{"lastBranch":5,"lastFunction":9,"lastStatement":26,"seen":{"f:10:16:10:25":0,"s:11:15:11:Infinity":0,"s:12:19:12:Infinity":1,"s:13:20:13:Infinity":2,"s:14:16:14:Infinity":3,"s:15:16:15:Infinity":4,"s:16:8:16:Infinity":5,"s:19:2:23:Infinity":6,"f:19:2:19:18":1,"b:20:4:22:Infinity:undefined:undefined:undefined:undefined":0,"s:20:4:22:Infinity":7,"s:21:6:21:Infinity":8,"s:25:8:42:Infinity":9,"f:25:8:25:24":2,"s:26:4:26:Infinity":10,"b:27:4:30:Infinity:undefined:undefined:undefined:undefined":1,"s:27:4:30:Infinity":11,"s:28:6:28:Infinity":12,"s:29:6:29:Infinity":13,"s:31:4:38:Infinity":14,"s:39:4:39:Infinity":15,"s:40:4:40:Infinity":16,"s:41:4:41:Infinity":17,"s:44:2:136:Infinity":18,"f:57:10:57:21":3,"s:58:12:58:Infinity":19,"s:59:12:59:Infinity":20,"b:65:32:65:41:65:41:65:Infinity":2,"b:66:36:66:56:66:56:66:Infinity":3,"b:68:9:68:18:68:18:68:Infinity":4,"f:79:12:79:23":4,"s:79:29:79:Infinity":21,"f:83:24:83:29":5,"s:84:14:84:Infinity":22,"f:95:12:95:23":6,"s:95:29:95:Infinity":23,"f:99:24:99:29":7,"s:100:14:100:Infinity":24,"f:113:10:113:21":8,"s:113:27:113:Infinity":25}}}
,"/tmp/mvp-v3-2e008ac7-03b7-4472-98a5-fee043a6338a-XKb0O3/src/hooks/useLocalStorage.ts": {"path":"/tmp/mvp-v3-2e008ac7-03b7-4472-98a5-fee043a6338a-XKb0O3/src/hooks/useLocalStorage.ts","statementMap":{"0":{"start":{"line":4,"column":22},"end":{"line":12,"column":null}},"1":{"start":{"line":5,"column":4},"end":{"line":11,"column":null}},"2":{"start":{"line":6,"column":19},"end":{"line":6,"column":null}},"3":{"start":{"line":7,"column":6},"end":{"line":7,"column":null}},"4":{"start":{"line":9,"column":6},"end":{"line":9,"column":null}},"5":{"start":{"line":10,"column":6},"end":{"line":10,"column":null}},"6":{"start":{"line":14,"column":2},"end":{"line":20,"column":null}},"7":{"start":{"line":15,"column":4},"end":{"line":19,"column":null}},"8":{"start":{"line":16,"column":6},"end":{"line":16,"column":null}},"9":{"start":{"line":18,"column":6},"end":{"line":18,"column":null}},"10":{"start":{"line":22,"column":8},"end":{"line":27,"column":null}},"11":{"start":{"line":23,"column":4},"end":{"line":26,"column":null}},"12":{"start":{"line":24,"column":23},"end":{"line":24,"column":null}},"13":{"start":{"line":25,"column":6},"end":{"line":25,"column":null}},"14":{"start":{"line":29,"column":2},"end":{"line":29,"column":null}}},"fnMap":{"0":{"name":"useLocalStorage","decl":{"start":{"line":3,"column":16},"end":{"line":3,"column":35}},"loc":{"start":{"line":3,"column":109},"end":{"line":30,"column":null}},"line":3},"1":{"name":"(anonymous_1)","decl":{"start":{"line":4,"column":40},"end":{"line":4,"column":58}},"loc":{"start":{"line":4,"column":58},"end":{"line":12,"column":3}},"line":4},"2":{"name":"(anonymous_2)","decl":{"start":{"line":14,"column":2},"end":{"line":14,"column":18}},"loc":{"start":{"line":14,"column":18},"end":{"line":20,"column":5}},"line":14},"3":{"name":"(anonymous_3)","decl":{"start":{"line":22,"column":19},"end":{"line":22,"column":32}},"loc":{"start":{"line":22,"column":64},"end":{"line":27,"column":5}},"line":22},"4":{"name":"(anonymous_4)","decl":{"start":{"line":23,"column":4},"end":{"line":23,"column":20}},"loc":{"start":{"line":23,"column":29},"end":{"line":26,"column":5}},"line":23}},"branchMap":{"0":{"loc":{"start":{"line":7,"column":13},"end":{"line":7,"column":null}},"type":"cond-expr","locations":[{"start":{"line":7,"column":21},"end":{"line":7,"column":46}},{"start":{"line":7,"column":46},"end":{"line":7,"column":null}}],"line":7},"1":{"loc":{"start":{"line":24,"column":23},"end":{"line":24,"column":null}},"type":"cond-expr","locations":[{"start":{"line":24,"column":51},"end":{"line":24,"column":65}},{"start":{"line":24,"column":65},"end":{"line":24,"column":null}}],"line":24}},"s":{"0":19,"1":14,"2":14,"3":14,"4":1,"5":1,"6":19,"7":16,"8":16,"9":0,"10":19,"11":2,"12":2,"13":2,"14":19},"f":{"0":19,"1":14,"2":16,"3":2,"4":2},"b":{"0":[7,7],"1":[1,1]},"meta":{"lastBranch":2,"lastFunction":5,"lastStatement":15,"seen":{"f:3:16:3:35":0,"s:4:22:12:Infinity":0,"f:4:40:4:58":1,"s:5:4:11:Infinity":1,"s:6:19:6:Infinity":2,"s:7:6:7:Infinity":3,"b:7:21:7:46:7:46:7:Infinity":0,"s:9:6:9:Infinity":4,"s:10:6:10:Infinity":5,"s:14:2:20:Infinity":6,"f:14:2:14:18":2,"s:15:4:19:Infinity":7,"s:16:6:16:Infinity":8,"s:18:6:18:Infinity":9,"s:22:8:27:Infinity":10,"f:22:19:22:32":3,"s:23:4:26:Infinity":11,"f:23:4:23:20":4,"s:24:23:24:Infinity":12,"b:24:51:24:65:24:65:24:Infinity":1,"s:25:6:25:Infinity":13,"s:29:2:29:Infinity":14}}}
,"/tmp/mvp-v3-2e008ac7-03b7-4472-98a5-fee043a6338a-XKb0O3/src/hooks/useToast.tsx": {"path":"/tmp/mvp-v3-2e008ac7-03b7-4472-98a5-fee043a6338a-XKb0O3/src/hooks/useToast.tsx","statementMap":{"0":{"start":{"line":16,"column":6},"end":{"line":16,"column":null}},"1":{"start":{"line":19,"column":8},"end":{"line":19,"column":null}},"2":{"start":{"line":20,"column":2},"end":{"line":22,"column":null}},"3":{"start":{"line":21,"column":4},"end":{"line":21,"column":null}},"4":{"start":{"line":23,"column":2},"end":{"line":23,"column":null}},"5":{"start":{"line":26,"column":19},"end":{"line":26,"column":null}},"6":{"start":{"line":29,"column":17},"end":{"line":29,"column":null}},"7":{"start":{"line":30,"column":8},"end":{"line":30,"column":null}},"8":{"start":{"line":32,"column":8},"end":{"line":34,"column":null}},"9":{"start":{"line":33,"column":4},"end":{"line":33,"column":null}},"10":{"start":{"line":33,"column":24},"end":{"line":33,"column":55}},"11":{"start":{"line":33,"column":43},"end":{"line":33,"column":54}},"12":{"start":{"line":36,"column":8},"end":{"line":46,"column":null}},"13":{"start":{"line":38,"column":17},"end":{"line":38,"column":null}},"14":{"start":{"line":39,"column":6},"end":{"line":43,"column":null}},"15":{"start":{"line":40,"column":21},"end":{"line":40,"column":null}},"16":{"start":{"line":42,"column":8},"end":{"line":42,"column":null}},"17":{"start":{"line":48,"column":2},"end":{"line":61,"column":null}},"18":{"start":{"line":58,"column":10},"end":{"line":58,"column":null}},"19":{"start":{"line":58,"column":67},"end":{"line":58,"column":91}},"20":{"start":{"line":66,"column":2},"end":{"line":69,"column":null}},"21":{"start":{"line":67,"column":18},"end":{"line":67,"column":null}},"22":{"start":{"line":68,"column":4},"end":{"line":68,"column":null}},"23":{"start":{"line":68,"column":17},"end":{"line":68,"column":null}},"24":{"start":{"line":72,"column":4},"end":{"line":76,"column":null}},"25":{"start":{"line":79,"column":4},"end":{"line":81,"column":null}},"26":{"start":{"line":83,"column":2},"end":{"line":97,"column":null}}},"fnMap":{"0":{"name":"useToast","decl":{"start":{"line":18,"column":16},"end":{"line":18,"column":46}},"loc":{"start":{"line":18,"column":46},"end":{"line":24,"column":null}},"line":18},"1":{"name":"ToastProvider","decl":{"start":{"line":28,"column":16},"end":{"line":28,"column":30}},"loc":{"start":{"line":28,"column":69},"end":{"line":63,"column":null}},"line":28},"2":{"name":"(anonymous_2)","decl":{"start":{"line":32,"column":22},"end":{"line":32,"column":35}},"loc":{"start":{"line":32,"column":50},"end":{"line":34,"column":5}},"line":32},"3":{"name":"(anonymous_3)","decl":{"start":{"line":33,"column":4},"end":{"line":33,"column":15}},"loc":{"start":{"line":33,"column":24},"end":{"line":33,"column":55}},"line":33},"4":{"name":"(anonymous_4)","decl":{"start":{"line":33,"column":29},"end":{"line":33,"column":37}},"loc":{"start":{"line":33,"column":43},"end":{"line":33,"column":54}},"line":33},"5":{"name":"(anonymous_5)","decl":{"start":{"line":36,"column":19},"end":{"line":36,"column":null}},"loc":{"start":{"line":37,"column":34},"end":{"line":44,"column":null}},"line":37},"6":{"name":"(anonymous_6)","decl":{"start":{"line":39,"column":6},"end":{"line":39,"column":17}},"loc":{"start":{"line":39,"column":26},"end":{"line":43,"column":7}},"line":39},"7":{"name":"(anonymous_7)","decl":{"start":{"line":57,"column":16},"end":{"line":57,"column":21}},"loc":{"start":{"line":58,"column":10},"end":{"line":58,"column":null}},"line":58},"8":{"name":"(anonymous_8)","decl":{"start":{"line":58,"column":50},"end":{"line":58,"column":67}},"loc":{"start":{"line":58,"column":67},"end":{"line":58,"column":91}},"line":58},"9":{"name":"ToastItem","decl":{"start":{"line":65,"column":9},"end":{"line":65,"column":19}},"loc":{"start":{"line":65,"column":82},"end":{"line":99,"column":null}},"line":65},"10":{"name":"(anonymous_10)","decl":{"start":{"line":66,"column":2},"end":{"line":66,"column":18}},"loc":{"start":{"line":66,"column":18},"end":{"line":69,"column":5}},"line":66},"11":{"name":"(anonymous_11)","decl":{"start":{"line":68,"column":4},"end":{"line":68,"column":17}},"loc":{"start":{"line":68,"column":17},"end":{"line":68,"column":null}},"line":68}},"branchMap":{"0":{"loc":{"start":{"line":20,"column":2},"end":{"line":22,"column":null}},"type":"if","locations":[{"start":{"line":20,"column":2},"end":{"line":22,"column":null}},{"start":{},"end":{}}],"line":20},"1":{"loc":{"start":{"line":72,"column":4},"end":{"line":76,"column":null}},"type":"cond-expr","locations":[{"start":{"line":73,"column":8},"end":{"line":73,"column":null}},{"start":{"line":74,"column":8},"end":{"line":76,"column":null}}],"line":72},"2":{"loc":{"start":{"line":74,"column":8},"end":{"line":76,"column":null}},"type":"cond-expr","locations":[{"start":{"line":75,"column":10},"end":{"line":75,"column":null}},{"start":{"line":76,"column":10},"end":{"line":76,"column":null}}],"line":74},"3":{"loc":{"start":{"line":79,"column":4},"end":{"line":81,"column":null}},"type":"cond-expr","locations":[{"start":{"line":79,"column":31},"end":{"line":80,"column":10}},{"start":{"line":80,"column":4},"end":{"line":81,"column":null}}],"line":79},"4":{"loc":{"start":{"line":80,"column":4},"end":{"line":81,"column":null}},"type":"cond-expr","locations":[{"start":{"line":80,"column":29},"end":{"line":81,"column":5}},{"start":{"line":81,"column":4},"end":{"line":81,"column":null}}],"line":80}},"s":{"0":3,"1":26,"2":26,"3":0,"4":26,"5":3,"6":23,"7":23,"8":23,"9":2,"10":2,"11":2,"12":23,"13":6,"14":6,"15":6,"16":6,"17":23,"18":6,"19":2,"20":6,"21":6,"22":6,"23":6,"24":6,"25":6,"26":6},"f":{"0":26,"1":23,"2":2,"3":2,"4":2,"5":6,"6":6,"7":6,"8":2,"9":6,"10":6,"11":6},"b":{"0":[0,26],"1":[5,1],"2":[1,0],"3":[5,1],"4":[1,0]},"meta":{"lastBranch":5,"lastFunction":12,"lastStatement":27,"seen":{"s:16:6:16:Infinity":0,"f:18:16:18:46":0,"s:19:8:19:Infinity":1,"b:20:2:22:Infinity:undefined:undefined:undefined:undefined":0,"s:20:2:22:Infinity":2,"s:21:4:21:Infinity":3,"s:23:2:23:Infinity":4,"s:26:19:26:Infinity":5,"f:28:16:28:30":1,"s:29:17:29:Infinity":6,"s:30:8:30:Infinity":7,"s:32:8:34:Infinity":8,"f:32:22:32:35":2,"s:33:4:33:Infinity":9,"f:33:4:33:15":3,"s:33:24:33:55":10,"f:33:29:33:37":4,"s:33:43:33:54":11,"s:36:8:46:Infinity":12,"f:36:19:36:Infinity":5,"s:38:17:38:Infinity":13,"s:39:6:43:Infinity":14,"f:39:6:39:17":6,"s:40:21:40:Infinity":15,"s:42:8:42:Infinity":16,"s:48:2:61:Infinity":17,"f:57:16:57:21":7,"s:58:10:58:Infinity":18,"f:58:50:58:67":8,"s:58:67:58:91":19,"f:65:9:65:19":9,"s:66:2:69:Infinity":20,"f:66:2:66:18":10,"s:67:18:67:Infinity":21,"s:68:4:68:Infinity":22,"f:68:4:68:17":11,"s:68:17:68:Infinity":23,"s:72:4:76:Infinity":24,"b:73:8:73:Infinity:74:8:76:Infinity":1,"b:75:10:75:Infinity:76:10:76:Infinity":2,"s:79:4:81:Infinity":25,"b:79:31:80:10:80:4:81:Infinity":3,"b:80:29:81:5:81:4:81:Infinity":4,"s:83:2:97:Infinity":26}}}
}
